#
# There is insufficient memory for the Java Runtime Environment to continue.
# Native memory allocation (malloc) failed to allocate 376656 bytes for Chunk::new
# Possible reasons:
#   The system is out of physical RAM or swap space
#   The process is running with CompressedOops enabled, and the Java Heap may be blocking the growth of the native heap
# Possible solutions:
#   Reduce memory load on the system
#   Increase physical memory or swap space
#   Check if swap backing store is full
#   Decrease Java heap size (-Xmx/-Xms)
#   Decrease number of Java threads
#   Decrease Java thread stack sizes (-Xss)
#   Set larger code cache with -XX:ReservedCodeCacheSize=
#   JVM is running with Unscaled Compressed Oops mode in which the Java heap is
#     placed in the first 4GB address space. The Java Heap base address is the
#     maximum limit for the native heap growth. Please use -XX:HeapBaseMinAddress
#     to set the Java Heap base and to place the Java Heap above 4GB virtual address.
# This output file may be truncated or incomplete.
#
#  Out of Memory Error (t:/workspace/open/src/hotspot/share/memory/arena.cpp:197), pid=6712, tid=9436
#
# JRE version: Java(TM) SE Runtime Environment (12.0.2+10) (build 12.0.2+10)
# Java VM: Java HotSpot(TM) 64-Bit Server VM (12.0.2+10, mixed mode, sharing, tiered, compressed oops, g1 gc, windows-amd64)
# No core dump will be written. Minidumps are not enabled by default on client versions of Windows
#

---------------  S U M M A R Y ------------

Command Line: -javaagent:C:\Program Files\JetBrains\IntelliJ IDEA Community Edition 2019.2\lib\idea_rt.jar=51231:C:\Program Files\JetBrains\IntelliJ IDEA Community Edition 2019.2\bin -Dfile.encoding=UTF-8 konst.Application

Host: AMD Phenom(tm) II X4 945 Processor, 4 cores, 7G,  Windows 10 , 64 bit Build 17134 (10.0.17134.753)
Time: Thu Sep 19 01:31:59 2019 RTZ 2 (ceia) elapsed time: 29 seconds (0d 0h 0m 29s)

---------------  T H R E A D  ---------------

Current thread (0x000001c541b28000):  JavaThread "C2 CompilerThread0" daemon [_thread_in_native, id=9436, stack(0x0000006ca4400000,0x0000006ca4500000)]


Current CompileTask:
C2:  29352 5492       4       java.net.URL::toString (5 bytes)

Stack: [0x0000006ca4400000,0x0000006ca4500000]
Native frames: (J=compiled Java code, j=interpreted, Vv=VM code, C=native code)
V  [jvm.dll+0x63aa2a]
V  [jvm.dll+0x78ce1e]
V  [jvm.dll+0x78e4c1]
V  [jvm.dll+0x78eb13]
V  [jvm.dll+0x2627e8]
V  [jvm.dll+0xc55cc]
V  [jvm.dll+0xc5b4c]
V  [jvm.dll+0x37a632]
V  [jvm.dll+0x1af2d0]
V  [jvm.dll+0x21c312]
V  [jvm.dll+0x21b3da]
V  [jvm.dll+0x199a20]
V  [jvm.dll+0x22a744]
V  [jvm.dll+0x228d98]
V  [jvm.dll+0x7512a0]
V  [jvm.dll+0x74a2c8]
V  [jvm.dll+0x639b16]
C  [ucrtbase.dll+0x1e3fe]
C  [KERNEL32.DLL+0x14034]
C  [ntdll.dll+0x73691]


---------------  P R O C E S S  ---------------

Threads class SMR info:
_java_thread_list=0x000001c543d29ad0, length=32, elements={
0x000001c541b07800, 0x000001c541b0d000, 0x000001c541b25000, 0x000001c541b27000,
0x000001c541b28000, 0x000001c541b2f000, 0x000001c541b3f800, 0x000001c542554800,
0x000001c54281e800, 0x000001c54281f800, 0x000001c547a7a800, 0x000001c5455c2000,
0x000001c544fb8000, 0x000001c547f1c800, 0x000001c5436e9800, 0x000001c547dbf800,
0x000001c547dc1800, 0x000001c547dc0800, 0x000001c547dbf000, 0x000001c5478e9000,
0x000001c5478ee000, 0x000001c5478ed000, 0x000001c5478ef000, 0x000001c5478ea000,
0x000001c5478ec800, 0x000001c5478ef800, 0x000001c5478ea800, 0x000001c5478f0800,
0x000001c5478f1000, 0x000001c5478eb800, 0x000001c5478f6000, 0x000001c542eec000
}

Java Threads: ( => current thread )
  0x000001c541b07800 JavaThread "Reference Handler" daemon [_thread_blocked, id=1484, stack(0x0000006ca4000000,0x0000006ca4100000)]
  0x000001c541b0d000 JavaThread "Finalizer" daemon [_thread_blocked, id=7132, stack(0x0000006ca4100000,0x0000006ca4200000)]
  0x000001c541b25000 JavaThread "Signal Dispatcher" daemon [_thread_blocked, id=14952, stack(0x0000006ca4200000,0x0000006ca4300000)]
  0x000001c541b27000 JavaThread "Attach Listener" daemon [_thread_blocked, id=14416, stack(0x0000006ca4300000,0x0000006ca4400000)]
=>0x000001c541b28000 JavaThread "C2 CompilerThread0" daemon [_thread_in_native, id=9436, stack(0x0000006ca4400000,0x0000006ca4500000)]
  0x000001c541b2f000 JavaThread "C1 CompilerThread0" daemon [_thread_blocked, id=7460, stack(0x0000006ca4500000,0x0000006ca4600000)]
  0x000001c541b3f800 JavaThread "Sweeper thread" daemon [_thread_blocked, id=3512, stack(0x0000006ca4600000,0x0000006ca4700000)]
  0x000001c542554800 JavaThread "Common-Cleaner" daemon [_thread_blocked, id=13824, stack(0x0000006ca4700000,0x0000006ca4800000)]
  0x000001c54281e800 JavaThread "Monitor Ctrl-Break" daemon [_thread_in_native, id=4960, stack(0x0000006ca4800000,0x0000006ca4900000)]
  0x000001c54281f800 JavaThread "Service Thread" daemon [_thread_blocked, id=12464, stack(0x0000006ca4900000,0x0000006ca4a00000)]
  0x000001c547a7a800 JavaThread "Catalina-utility-1" [_thread_blocked, id=3780, stack(0x0000006ca5000000,0x0000006ca5100000)]
  0x000001c5455c2000 JavaThread "Catalina-utility-2" [_thread_blocked, id=7888, stack(0x0000006ca5200000,0x0000006ca5300000)]
  0x000001c544fb8000 JavaThread "container-0" [_thread_blocked, id=13624, stack(0x0000006ca5300000,0x0000006ca5400000)]
  0x000001c547f1c800 JavaThread "mysql-cj-abandoned-connection-cleanup" daemon [_thread_blocked, id=3156, stack(0x0000006ca5400000,0x0000006ca5500000)]
  0x000001c5436e9800 JavaThread "HikariPool-1 housekeeper" daemon [_thread_blocked, id=11416, stack(0x0000006ca5600000,0x0000006ca5700000)]
  0x000001c547dbf800 JavaThread "Live Reload Server" daemon [_thread_in_native, id=1640, stack(0x0000006ca5900000,0x0000006ca5a00000)]
  0x000001c547dc1800 JavaThread "File Watcher" daemon [_thread_blocked, id=15140, stack(0x0000006ca5800000,0x0000006ca5900000)]
  0x000001c547dc0800 JavaThread "http-nio-8080-BlockPoller" daemon [_thread_in_native, id=3000, stack(0x0000006ca5a00000,0x0000006ca5b00000)]
  0x000001c547dbf000 JavaThread "http-nio-8080-exec-1" daemon [_thread_blocked, id=6356, stack(0x0000006ca5b00000,0x0000006ca5c00000)]
  0x000001c5478e9000 JavaThread "http-nio-8080-exec-2" daemon [_thread_blocked, id=14472, stack(0x0000006ca5c00000,0x0000006ca5d00000)]
  0x000001c5478ee000 JavaThread "http-nio-8080-exec-3" daemon [_thread_blocked, id=6548, stack(0x0000006ca5d00000,0x0000006ca5e00000)]
  0x000001c5478ed000 JavaThread "http-nio-8080-exec-4" daemon [_thread_blocked, id=10804, stack(0x0000006ca5e00000,0x0000006ca5f00000)]
  0x000001c5478ef000 JavaThread "http-nio-8080-exec-5" daemon [_thread_blocked, id=10480, stack(0x0000006ca5f00000,0x0000006ca6000000)]
  0x000001c5478ea000 JavaThread "http-nio-8080-exec-6" daemon [_thread_blocked, id=5024, stack(0x0000006ca6000000,0x0000006ca6100000)]
  0x000001c5478ec800 JavaThread "http-nio-8080-exec-7" daemon [_thread_blocked, id=6932, stack(0x0000006ca6100000,0x0000006ca6200000)]
  0x000001c5478ef800 JavaThread "http-nio-8080-exec-8" daemon [_thread_blocked, id=13620, stack(0x0000006ca6200000,0x0000006ca6300000)]
  0x000001c5478ea800 JavaThread "http-nio-8080-exec-9" daemon [_thread_blocked, id=14068, stack(0x0000006ca6300000,0x0000006ca6400000)]
  0x000001c5478f0800 JavaThread "http-nio-8080-exec-10" daemon [_thread_blocked, id=13972, stack(0x0000006ca6400000,0x0000006ca6500000)]
  0x000001c5478f1000 JavaThread "http-nio-8080-ClientPoller" daemon [_thread_in_native, id=14648, stack(0x0000006ca6500000,0x0000006ca6600000)]
  0x000001c5478eb800 JavaThread "http-nio-8080-Acceptor" daemon [_thread_in_native, id=9304, stack(0x0000006ca6600000,0x0000006ca6700000)]
  0x000001c5478f6000 JavaThread "DestroyJavaVM" [_thread_blocked, id=11632, stack(0x0000006ca3900000,0x0000006ca3a00000)]
  0x000001c542eec000 JavaThread "C2 CompilerThread1" daemon [_thread_in_native, id=2636, stack(0x0000006ca4d00000,0x0000006ca4e00000)]

Other Threads:
  0x000001c541aff800 VMThread "VM Thread" [stack: 0x0000006ca3f00000,0x0000006ca4000000] [id=14684]
  0x000001c542888800 WatcherThread [stack: 0x0000006ca4a00000,0x0000006ca4b00000] [id=11844]
  0x000001c52159c800 GCTaskThread "GC Thread#0" [stack: 0x0000006ca3a00000,0x0000006ca3b00000] [id=7480]
  0x000001c542f63800 GCTaskThread "GC Thread#1" [stack: 0x0000006ca4b00000,0x0000006ca4c00000] [id=14856]
  0x000001c542b11800 GCTaskThread "GC Thread#2" [stack: 0x0000006ca4c00000,0x0000006ca4d00000] [id=960]
  0x000001c54334f800 GCTaskThread "GC Thread#3" [stack: 0x0000006ca5100000,0x0000006ca5200000] [id=10996]
  0x000001c52368e800 ConcurrentGCThread "G1 Main Marker" [stack: 0x0000006ca3b00000,0x0000006ca3c00000] [id=8100]
  0x000001c523691000 ConcurrentGCThread "G1 Conc#0" [stack: 0x0000006ca3c00000,0x0000006ca3d00000] [id=12320]
  0x000001c52370e800 ConcurrentGCThread "G1 Refine#0" [stack: 0x0000006ca3d00000,0x0000006ca3e00000] [id=10432]
  0x000001c541980800 ConcurrentGCThread "G1 Young RemSet Sampling" [stack: 0x0000006ca3e00000,0x0000006ca3f00000] [id=11056]

Threads with active compile tasks:
C2 CompilerThread0  5492       4       java.net.URL::toString (5 bytes)
C2 CompilerThread1  5501       4       org.springframework.boot.context.properties.source.ConfigurationPropertyName::equals (119 bytes)

VM state:not at safepoint (normal execution)

VM Mutex/Monitor currently owned by a thread: None

Heap address: 0x0000000080000000, size: 2048 MB, Compressed Oops mode: 32-bit
Narrow klass base: 0x0000000800000000, Narrow klass shift: 3
Compressed class space size: 1073741824 Address: 0x0000000801190000

Heap:
 garbage-first heap   total 84992K, used 59697K [0x0000000080000000, 0x0000000100000000)
  region size 1024K, 33 young (33792K), 4 survivors (4096K)
 Metaspace       used 61985K, capacity 63405K, committed 63488K, reserved 1103872K
  class space    used 8111K, capacity 8645K, committed 8704K, reserved 1048576K
Heap Regions: E=young(eden), S=young(survivor), O=old, HS=humongous(starts), HC=humongous(continues), CS=collection set, F=free, A=archive, TAMS=top-at-mark-start (previous, next)
|   0|0x0000000080000000, 0x0000000080100000, 0x0000000080100000|100%|HS|  |TAMS 0x0000000080100000, 0x0000000080000000| Complete 
|   1|0x0000000080100000, 0x0000000080200000, 0x0000000080200000|100%| O|  |TAMS 0x0000000080200000, 0x0000000080100000| Untracked 
|   2|0x0000000080200000, 0x0000000080300000, 0x0000000080300000|100%| O|  |TAMS 0x0000000080300000, 0x0000000080200000| Untracked 
|   3|0x0000000080300000, 0x0000000080400000, 0x0000000080400000|100%| O|  |TAMS 0x0000000080400000, 0x0000000080300000| Untracked 
|   4|0x0000000080400000, 0x0000000080500000, 0x0000000080500000|100%| O|  |TAMS 0x0000000080500000, 0x0000000080400000| Untracked 
|   5|0x0000000080500000, 0x00000000805b2c00, 0x0000000080600000| 69%| O|  |TAMS 0x00000000805b2c00, 0x0000000080500000| Untracked 
|   6|0x0000000080600000, 0x0000000080700000, 0x0000000080700000|100%| O|  |TAMS 0x0000000080700000, 0x0000000080600000| Untracked 
|   7|0x0000000080700000, 0x0000000080800000, 0x0000000080800000|100%| O|  |TAMS 0x0000000080800000, 0x0000000080700000| Untracked 
|   8|0x0000000080800000, 0x0000000080900000, 0x0000000080900000|100%| O|  |TAMS 0x0000000080900000, 0x0000000080800000| Untracked 
|   9|0x0000000080900000, 0x0000000080a00000, 0x0000000080a00000|100%| O|  |TAMS 0x0000000080a00000, 0x0000000080900000| Untracked 
|  10|0x0000000080a00000, 0x0000000080b00000, 0x0000000080b00000|100%| O|  |TAMS 0x0000000080b00000, 0x0000000080a00000| Untracked 
|  11|0x0000000080b00000, 0x0000000080c00000, 0x0000000080c00000|100%| O|  |TAMS 0x0000000080c00000, 0x0000000080b00000| Untracked 
|  12|0x0000000080c00000, 0x0000000080d00000, 0x0000000080d00000|100%| O|  |TAMS 0x0000000080d00000, 0x0000000080c00000| Untracked 
|  13|0x0000000080d00000, 0x0000000080e00000, 0x0000000080e00000|100%| O|  |TAMS 0x0000000080e00000, 0x0000000080d00000| Untracked 
|  14|0x0000000080e00000, 0x0000000080f00000, 0x0000000080f00000|100%| O|  |TAMS 0x0000000080f00000, 0x0000000080e00000| Untracked 
|  15|0x0000000080f00000, 0x0000000081000000, 0x0000000081000000|100%| O|  |TAMS 0x0000000080f92200, 0x0000000080f00000| Untracked 
|  16|0x0000000081000000, 0x0000000081100000, 0x0000000081100000|100%| O|  |TAMS 0x0000000081000000, 0x0000000081000000| Untracked 
|  17|0x0000000081100000, 0x0000000081200000, 0x0000000081200000|100%| O|  |TAMS 0x0000000081100000, 0x0000000081100000| Untracked 
|  18|0x0000000081200000, 0x0000000081300000, 0x0000000081300000|100%| O|  |TAMS 0x0000000081200000, 0x0000000081200000| Untracked 
|  19|0x0000000081300000, 0x0000000081400000, 0x0000000081400000|100%| O|  |TAMS 0x0000000081300000, 0x0000000081300000| Untracked 
|  20|0x0000000081400000, 0x0000000081500000, 0x0000000081500000|100%| O|  |TAMS 0x0000000081400000, 0x0000000081400000| Untracked 
|  21|0x0000000081500000, 0x0000000081600000, 0x0000000081600000|100%| O|  |TAMS 0x0000000081500000, 0x0000000081500000| Untracked 
|  22|0x0000000081600000, 0x0000000081700000, 0x0000000081700000|100%| O|  |TAMS 0x0000000081600000, 0x0000000081600000| Untracked 
|  23|0x0000000081700000, 0x0000000081800000, 0x0000000081800000|100%| O|  |TAMS 0x0000000081700000, 0x0000000081700000| Untracked 
|  24|0x0000000081800000, 0x0000000081900000, 0x0000000081900000|100%| O|  |TAMS 0x0000000081800000, 0x0000000081800000| Untracked 
|  25|0x0000000081900000, 0x00000000819f5e00, 0x0000000081a00000| 96%| O|  |TAMS 0x0000000081900000, 0x0000000081900000| Untracked 
|  26|0x0000000081a00000, 0x0000000081a00000, 0x0000000081b00000|  0%| F|  |TAMS 0x0000000081a00000, 0x0000000081a00000| Untracked 
|  27|0x0000000081b00000, 0x0000000081b00000, 0x0000000081c00000|  0%| F|  |TAMS 0x0000000081b00000, 0x0000000081b00000| Untracked 
|  28|0x0000000081c00000, 0x0000000081c00000, 0x0000000081d00000|  0%| F|  |TAMS 0x0000000081c00000, 0x0000000081c00000| Untracked 
|  29|0x0000000081d00000, 0x0000000081d00000, 0x0000000081e00000|  0%| F|  |TAMS 0x0000000081d00000, 0x0000000081d00000| Untracked 
|  30|0x0000000081e00000, 0x0000000081e00000, 0x0000000081f00000|  0%| F|  |TAMS 0x0000000081e00000, 0x0000000081e00000| Untracked 
|  31|0x0000000081f00000, 0x0000000081f00000, 0x0000000082000000|  0%| F|  |TAMS 0x0000000081f00000, 0x0000000081f00000| Untracked 
|  32|0x0000000082000000, 0x0000000082000000, 0x0000000082100000|  0%| F|  |TAMS 0x0000000082000000, 0x0000000082000000| Untracked 
|  33|0x0000000082100000, 0x0000000082100000, 0x0000000082200000|  0%| F|  |TAMS 0x0000000082100000, 0x0000000082100000| Untracked 
|  34|0x0000000082200000, 0x0000000082200000, 0x0000000082300000|  0%| F|  |TAMS 0x0000000082200000, 0x0000000082200000| Untracked 
|  35|0x0000000082300000, 0x0000000082400000, 0x0000000082400000|100%| O|  |TAMS 0x0000000082400000, 0x0000000082300000| Untracked 
|  36|0x0000000082400000, 0x0000000082400000, 0x0000000082500000|  0%| F|  |TAMS 0x0000000082400000, 0x0000000082400000| Untracked 
|  37|0x0000000082500000, 0x0000000082500000, 0x0000000082600000|  0%| F|  |TAMS 0x0000000082500000, 0x0000000082500000| Untracked 
|  38|0x0000000082600000, 0x00000000826a3d20, 0x0000000082700000| 63%| S|CS|TAMS 0x0000000082600000, 0x0000000082600000| Complete 
|  39|0x0000000082700000, 0x0000000082800000, 0x0000000082800000|100%| S|CS|TAMS 0x0000000082700000, 0x0000000082700000| Complete 
|  40|0x0000000082800000, 0x0000000082800000, 0x0000000082900000|  0%| F|  |TAMS 0x0000000082800000, 0x0000000082800000| Untracked 
|  41|0x0000000082900000, 0x0000000082900000, 0x0000000082a00000|  0%| F|  |TAMS 0x0000000082900000, 0x0000000082900000| Untracked 
|  42|0x0000000082a00000, 0x0000000082b00000, 0x0000000082b00000|100%| S|CS|TAMS 0x0000000082a00000, 0x0000000082a00000| Complete 
|  43|0x0000000082b00000, 0x0000000082c00000, 0x0000000082c00000|100%| S|CS|TAMS 0x0000000082b00000, 0x0000000082b00000| Complete 
|  44|0x0000000082c00000, 0x0000000082c00000, 0x0000000082d00000|  0%| F|  |TAMS 0x0000000082c00000, 0x0000000082c00000| Untracked 
|  45|0x0000000082d00000, 0x0000000082d00000, 0x0000000082e00000|  0%| F|  |TAMS 0x0000000082d00000, 0x0000000082d00000| Untracked 
|  46|0x0000000082e00000, 0x0000000082e00000, 0x0000000082f00000|  0%| F|  |TAMS 0x0000000082e00000, 0x0000000082e00000| Untracked 
|  47|0x0000000082f00000, 0x0000000082f00000, 0x0000000083000000|  0%| F|  |TAMS 0x0000000082f00000, 0x0000000082f00000| Untracked 
|  48|0x0000000083000000, 0x0000000083000000, 0x0000000083100000|  0%| F|  |TAMS 0x0000000083000000, 0x0000000083000000| Untracked 
|  49|0x0000000083100000, 0x0000000083100000, 0x0000000083200000|  0%| F|  |TAMS 0x0000000083100000, 0x0000000083100000| Untracked 
|  50|0x0000000083200000, 0x0000000083200000, 0x0000000083300000|  0%| F|  |TAMS 0x0000000083200000, 0x0000000083200000| Untracked 
|  51|0x0000000083300000, 0x0000000083300000, 0x0000000083400000|  0%| F|  |TAMS 0x0000000083300000, 0x0000000083300000| Untracked 
|  52|0x0000000083400000, 0x0000000083400000, 0x0000000083500000|  0%| F|  |TAMS 0x0000000083400000, 0x0000000083400000| Untracked 
|  53|0x0000000083500000, 0x0000000083500000, 0x0000000083600000|  0%| F|  |TAMS 0x0000000083500000, 0x0000000083500000| Untracked 
|  54|0x0000000083600000, 0x00000000836e5798, 0x0000000083700000| 89%| E|  |TAMS 0x0000000083600000, 0x0000000083600000| Complete 
|  55|0x0000000083700000, 0x0000000083800000, 0x0000000083800000|100%| E|CS|TAMS 0x0000000083700000, 0x0000000083700000| Complete 
|  56|0x0000000083800000, 0x0000000083900000, 0x0000000083900000|100%| E|CS|TAMS 0x0000000083800000, 0x0000000083800000| Complete 
|  57|0x0000000083900000, 0x0000000083a00000, 0x0000000083a00000|100%| E|CS|TAMS 0x0000000083900000, 0x0000000083900000| Complete 
|  58|0x0000000083a00000, 0x0000000083b00000, 0x0000000083b00000|100%| E|CS|TAMS 0x0000000083a00000, 0x0000000083a00000| Complete 
|  59|0x0000000083b00000, 0x0000000083c00000, 0x0000000083c00000|100%| E|CS|TAMS 0x0000000083b00000, 0x0000000083b00000| Complete 
|  60|0x0000000083c00000, 0x0000000083d00000, 0x0000000083d00000|100%| E|CS|TAMS 0x0000000083c00000, 0x0000000083c00000| Complete 
|  61|0x0000000083d00000, 0x0000000083e00000, 0x0000000083e00000|100%| E|CS|TAMS 0x0000000083d00000, 0x0000000083d00000| Complete 
|  62|0x0000000083e00000, 0x0000000083f00000, 0x0000000083f00000|100%| E|CS|TAMS 0x0000000083e00000, 0x0000000083e00000| Complete 
|  63|0x0000000083f00000, 0x0000000084000000, 0x0000000084000000|100%| E|CS|TAMS 0x0000000083f00000, 0x0000000083f00000| Complete 
|  64|0x0000000084000000, 0x0000000084100000, 0x0000000084100000|100%| E|CS|TAMS 0x0000000084000000, 0x0000000084000000| Complete 
|  65|0x0000000084100000, 0x0000000084200000, 0x0000000084200000|100%| E|CS|TAMS 0x0000000084100000, 0x0000000084100000| Complete 
|  66|0x0000000084200000, 0x0000000084300000, 0x0000000084300000|100%| E|CS|TAMS 0x0000000084200000, 0x0000000084200000| Complete 
|  67|0x0000000084300000, 0x0000000084400000, 0x0000000084400000|100%| E|CS|TAMS 0x0000000084300000, 0x0000000084300000| Complete 
|  68|0x0000000084400000, 0x0000000084500000, 0x0000000084500000|100%| E|CS|TAMS 0x0000000084400000, 0x0000000084400000| Complete 
|  69|0x0000000084500000, 0x0000000084600000, 0x0000000084600000|100%| E|CS|TAMS 0x0000000084500000, 0x0000000084500000| Complete 
|  70|0x0000000084600000, 0x0000000084700000, 0x0000000084700000|100%| E|CS|TAMS 0x0000000084600000, 0x0000000084600000| Complete 
|  71|0x0000000084700000, 0x0000000084800000, 0x0000000084800000|100%| E|CS|TAMS 0x0000000084700000, 0x0000000084700000| Complete 
|  72|0x0000000084800000, 0x0000000084900000, 0x0000000084900000|100%| E|CS|TAMS 0x0000000084800000, 0x0000000084800000| Complete 
|  73|0x0000000084900000, 0x0000000084a00000, 0x0000000084a00000|100%| E|CS|TAMS 0x0000000084900000, 0x0000000084900000| Complete 
|  74|0x0000000084a00000, 0x0000000084b00000, 0x0000000084b00000|100%| E|CS|TAMS 0x0000000084a00000, 0x0000000084a00000| Complete 
|  75|0x0000000084b00000, 0x0000000084c00000, 0x0000000084c00000|100%| E|CS|TAMS 0x0000000084b00000, 0x0000000084b00000| Complete 
|  76|0x0000000084c00000, 0x0000000084d00000, 0x0000000084d00000|100%| E|CS|TAMS 0x0000000084c00000, 0x0000000084c00000| Complete 
| 104|0x0000000086800000, 0x0000000086900000, 0x0000000086900000|100%| E|CS|TAMS 0x0000000086800000, 0x0000000086800000| Complete 
| 105|0x0000000086900000, 0x0000000086a00000, 0x0000000086a00000|100%| E|CS|TAMS 0x0000000086900000, 0x0000000086900000| Complete 
| 106|0x0000000086a00000, 0x0000000086b00000, 0x0000000086b00000|100%| E|CS|TAMS 0x0000000086a00000, 0x0000000086a00000| Complete 
| 107|0x0000000086b00000, 0x0000000086c00000, 0x0000000086c00000|100%| E|CS|TAMS 0x0000000086b00000, 0x0000000086b00000| Complete 
| 108|0x0000000086c00000, 0x0000000086d00000, 0x0000000086d00000|100%| E|CS|TAMS 0x0000000086c00000, 0x0000000086c00000| Complete 
| 153|0x0000000089900000, 0x0000000089a00000, 0x0000000089a00000|100%| E|CS|TAMS 0x0000000089900000, 0x0000000089900000| Complete 

Card table byte_map: [0x000001c53ae40000,0x000001c53b240000] _byte_map_base: 0x000001c53aa40000

Marking Bits (Prev, Next): (CMBitMap*) 0x000001c52159d9c8, (CMBitMap*) 0x000001c52159d988
 Prev Bits: [0x000001c53d640000, 0x000001c53f640000)
 Next Bits: [0x000001c53b640000, 0x000001c53d640000)

Polling page: 0x000001c521600000

Metaspace:

Usage:
  Non-class:     53.48 MB capacity,    52.61 MB ( 98%) used,   712.13 KB (  1%) free+waste,   174.81 KB ( <1%) overhead. 
      Class:      8.44 MB capacity,     7.92 MB ( 94%) used,   451.69 KB (  5%) free+waste,    81.38 KB ( <1%) overhead. 
       Both:     61.92 MB capacity,    60.53 MB ( 98%) used,     1.14 MB (  2%) free+waste,   256.19 KB ( <1%) overhead. 

Virtual space:
  Non-class space:       54.00 MB reserved,      53.50 MB (>99%) committed 
      Class space:        1.00 GB reserved,       8.50 MB ( <1%) committed 
             Both:        1.05 GB reserved,      62.00 MB (  6%) committed 

Chunk freelists:
   Non-Class:  3.00 KB
       Class:  3.38 KB
        Both:  6.38 KB

CodeHeap 'non-profiled nmethods': size=120064Kb used=3023Kb max_used=3023Kb free=117040Kb
 bounds [0x000001c533500000, 0x000001c533800000, 0x000001c53aa40000]
CodeHeap 'profiled nmethods': size=120000Kb used=11639Kb max_used=11639Kb free=108360Kb
 bounds [0x000001c52bfd0000, 0x000001c52cb40000, 0x000001c533500000]
CodeHeap 'non-nmethods': size=5696Kb used=1266Kb max_used=1324Kb free=4429Kb
 bounds [0x000001c52ba40000, 0x000001c52bcb0000, 0x000001c52bfd0000]
 total_blobs=7392 nmethods=4796 adapters=558
 compilation: enabled
              stopped_count=0, restarted_count=0
 full_count=0

Compilation events (10 events):
Event: 29.322 Thread 0x000001c541b2f000 5509       3       org.springframework.web.util.HtmlCharacterEntityReferences::convertToReference (134 bytes)
Event: 29.322 Thread 0x000001c541b2f000 nmethod 5509 0x000001c52cb3a410 code [0x000001c52cb3a620, 0x000001c52cb3ab90]
Event: 29.326 Thread 0x000001c541b2f000 5511       3       java.nio.CharBuffer::put (72 bytes)
Event: 29.327 Thread 0x000001c541b2f000 nmethod 5511 0x000001c52cb3ad10 code [0x000001c52cb3afc0, 0x000001c52cb3bdb0]
Event: 29.329 Thread 0x000001c541b2f000 5513       3       java.util.Calendar::getBaseStyle (5 bytes)
Event: 29.329 Thread 0x000001c541b2f000 nmethod 5513 0x000001c52cb3c310 code [0x000001c52cb3c4c0, 0x000001c52cb3c658]
Event: 29.329 Thread 0x000001c541b2f000 5514       3       org.apache.tomcat.util.buf.AbstractChunk::getLength (10 bytes)
Event: 29.329 Thread 0x000001c541b2f000 nmethod 5514 0x000001c52cb3c710 code [0x000001c52cb3c8c0, 0x000001c52cb3ca38]
Event: 29.331 Thread 0x000001c541b2f000 5515       3       org.apache.tomcat.util.buf.AbstractChunk::recycle (21 bytes)
Event: 29.331 Thread 0x000001c541b2f000 nmethod 5515 0x000001c52cb3cb10 code [0x000001c52cb3ccc0, 0x000001c52cb3ce58]

GC Heap History (10 events):
Event: 7.308 GC heap before
{Heap before GC invocations=18 (full 0):
 garbage-first heap   total 70656K, used 51101K [0x0000000080000000, 0x0000000100000000)
  region size 1024K, 30 young (30720K), 4 survivors (4096K)
 Metaspace       used 44323K, capacity 45383K, committed 45568K, reserved 1089536K
  class space    used 5679K, capacity 6074K, committed 6144K, reserved 1048576K
}
Event: 7.316 GC heap after
{Heap after GC invocations=19 (full 0):
 garbage-first heap   total 70656K, used 25519K [0x0000000080000000, 0x0000000100000000)
  region size 1024K, 1 young (1024K), 1 survivors (1024K)
 Metaspace       used 44323K, capacity 45383K, committed 45568K, reserved 1089536K
  class space    used 5679K, capacity 6074K, committed 6144K, reserved 1048576K
}
Event: 8.003 GC heap before
{Heap before GC invocations=19 (full 0):
 garbage-first heap   total 70656K, used 51119K [0x0000000080000000, 0x0000000100000000)
  region size 1024K, 27 young (27648K), 1 survivors (1024K)
 Metaspace       used 48872K, capacity 49979K, committed 50304K, reserved 1093632K
  class space    used 6288K, capacity 6667K, committed 6784K, reserved 1048576K
}
Event: 8.007 GC heap after
{Heap after GC invocations=20 (full 0):
 garbage-first heap   total 70656K, used 26395K [0x0000000080000000, 0x0000000100000000)
  region size 1024K, 2 young (2048K), 2 survivors (2048K)
 Metaspace       used 48872K, capacity 49979K, committed 50304K, reserved 1093632K
  class space    used 6288K, capacity 6667K, committed 6784K, reserved 1048576K
}
Event: 8.813 GC heap before
{Heap before GC invocations=20 (full 0):
 garbage-first heap   total 70656K, used 53019K [0x0000000080000000, 0x0000000100000000)
  region size 1024K, 28 young (28672K), 2 survivors (2048K)
 Metaspace       used 52511K, capacity 53592K, committed 53632K, reserved 1095680K
  class space    used 6901K, capacity 7295K, committed 7296K, reserved 1048576K
}
Event: 8.819 GC heap after
{Heap after GC invocations=21 (full 0):
 garbage-first heap   total 70656K, used 27438K [0x0000000080000000, 0x0000000100000000)
  region size 1024K, 3 young (3072K), 3 survivors (3072K)
 Metaspace       used 52511K, capacity 53592K, committed 53632K, reserved 1095680K
  class space    used 6901K, capacity 7295K, committed 7296K, reserved 1048576K
}
Event: 9.377 GC heap before
{Heap before GC invocations=21 (full 0):
 garbage-first heap   total 70656K, used 53038K [0x0000000080000000, 0x0000000100000000)
  region size 1024K, 29 young (29696K), 3 survivors (3072K)
 Metaspace       used 55506K, capacity 56805K, committed 56960K, reserved 1097728K
  class space    used 7307K, capacity 7795K, committed 7808K, reserved 1048576K
}
Event: 9.384 GC heap after
{Heap after GC invocations=22 (full 0):
 garbage-first heap   total 70656K, used 29203K [0x0000000080000000, 0x0000000100000000)
  region size 1024K, 4 young (4096K), 4 survivors (4096K)
 Metaspace       used 55506K, capacity 56805K, committed 56960K, reserved 1097728K
  class space    used 7307K, capacity 7795K, committed 7808K, reserved 1048576K
}
Event: 9.852 GC heap before
{Heap before GC invocations=22 (full 0):
 garbage-first heap   total 70656K, used 54803K [0x0000000080000000, 0x0000000100000000)
  region size 1024K, 29 young (29696K), 4 survivors (4096K)
 Metaspace       used 57226K, capacity 58544K, committed 58880K, reserved 1099776K
  class space    used 7549K, capacity 8071K, committed 8192K, reserved 1048576K
}
Event: 9.860 GC heap after
{Heap after GC invocations=23 (full 0):
 garbage-first heap   total 84992K, used 31025K [0x0000000080000000, 0x0000000100000000)
  region size 1024K, 4 young (4096K), 4 survivors (4096K)
 Metaspace       used 57226K, capacity 58544K, committed 58880K, reserved 1099776K
  class space    used 7549K, capacity 8071K, committed 8192K, reserved 1048576K
}

Deoptimization events (10 events):
Event: 10.774 Thread 0x000001c547f1c800 Uncommon trap: reason=unstable_if action=reinterpret pc=0x000001c5336a29ec method=java.net.URLStreamHandler.parseURL(Ljava/net/URL;Ljava/lang/String;II)V @ 57 c2
Event: 10.899 Thread 0x000001c547dc1800 Uncommon trap: reason=predicate action=maybe_recompile pc=0x000001c5336fba38 method=java.util.AbstractCollection.containsAll(Ljava/util/Collection;)Z @ 13 c2
Event: 16.846 Thread 0x000001c547dbf000 Uncommon trap: reason=unstable_if action=reinterpret pc=0x000001c533555a00 method=java.util.regex.Matcher.reset()Ljava/util/regex/Matcher; @ 71 c2
Event: 16.846 Thread 0x000001c547dbf000 Uncommon trap: reason=unstable_if action=reinterpret pc=0x000001c533574070 method=java.util.regex.Matcher.search(I)Z @ 76 c2
Event: 16.846 Thread 0x000001c547dbf000 Uncommon trap: reason=unstable_if action=reinterpret pc=0x000001c53371bb10 method=java.util.regex.Pattern$BmpCharProperty.match(Ljava/util/regex/Matcher;ILjava/lang/CharSequence;)Z @ 39 c2
Event: 17.040 Thread 0x000001c547dbf000 Uncommon trap: reason=unstable_if action=reinterpret pc=0x000001c5337bb918 method=sun.nio.cs.UTF_8$Decoder.decodeArrayLoop(Ljava/nio/ByteBuffer;Ljava/nio/CharBuffer;)Ljava/nio/charset/CoderResult; @ 191 c2
Event: 17.042 Thread 0x000001c547dbf000 Uncommon trap: reason=unstable_if action=reinterpret pc=0x000001c5336111e8 method=java.lang.CharacterDataLatin1.isWhitespace(I)Z @ 14 c2
Event: 17.042 Thread 0x000001c547dbf000 Uncommon trap: reason=unstable_if action=reinterpret pc=0x000001c53356a1b0 method=java.lang.CharacterDataLatin1.isWhitespace(I)Z @ 14 c2
Event: 29.228 Thread 0x000001c5478ee000 Uncommon trap: reason=unstable_if action=reinterpret pc=0x000001c533695e78 method=java.util.Objects.equals(Ljava/lang/Object;Ljava/lang/Object;)Z @ 6 c2
Event: 29.246 Thread 0x000001c5478ee000 Uncommon trap: reason=unstable_if action=reinterpret pc=0x000001c533547474 method=java.lang.String.equals(Ljava/lang/Object;)Z @ 34 c2

Classes redefined (0 events):
No events

Internal exceptions (10 events):
Event: 9.257 Thread 0x000001c54303d800 Exception <a 'java/lang/ClassNotFoundException'{0x0000000083102118}: org/springframework/beans/factory/AwareCustomizer> (0x0000000083102118) thrown at [t:/workspace/open/src/hotspot/share/classfile/systemDictionary.cpp, line 235]
Event: 9.469 Thread 0x000001c54303d800 Exception <a 'java/lang/NoSuchMethodError'{0x000000008689f6d8}: java.lang.invoke.DirectMethodHandle$Holder.invokeVirtual(Ljava/lang/Object;Ljava/lang/Object;I)V> (0x000000008689f6d8) thrown at [t:/workspace/open/src/hotspot/share/interpreter/linkResolver.
Event: 9.970 Thread 0x000001c54303d800 Exception <a 'java/lang/NoSuchMethodError'{0x000000008691cd60}: java.lang.invoke.DirectMethodHandle$Holder.newInvokeSpecial(Ljava/lang/Object;I)Ljava/lang/Object;> (0x000000008691cd60) thrown at [t:/workspace/open/src/hotspot/share/interpreter/linkResolve
Event: 29.258 Thread 0x000001c5478ee000 Exception <a 'java/lang/ClassNotFoundException'{0x00000000839999c8}: java/lang/ObjectCustomizer> (0x00000000839999c8) thrown at [t:/workspace/open/src/hotspot/share/classfile/systemDictionary.cpp, line 235]
Event: 29.260 Thread 0x000001c5478ee000 Exception <a 'java/lang/ClassNotFoundException'{0x00000000839aa1a0}: konst/MessageCustomizer> (0x00000000839aa1a0) thrown at [t:/workspace/open/src/hotspot/share/classfile/systemDictionary.cpp, line 235]
Event: 29.276 Thread 0x000001c5478ee000 Exception <a 'java/lang/reflect/InvocationTargetException'{0x000000008382f3c0}> (0x000000008382f3c0) thrown at [t:/workspace/open/src/hotspot/share/runtime/reflection.cpp, line 1183]
Event: 29.276 Thread 0x000001c5478ee000 Exception <a 'java/lang/reflect/InvocationTargetException'{0x000000008382fbe0}> (0x000000008382fbe0) thrown at [t:/workspace/open/src/hotspot/share/runtime/reflection.cpp, line 1183]
Event: 29.276 Thread 0x000001c5478ee000 Exception <a 'java/lang/reflect/InvocationTargetException'{0x0000000083830400}> (0x0000000083830400) thrown at [t:/workspace/open/src/hotspot/share/runtime/reflection.cpp, line 1183]
Event: 29.281 Thread 0x000001c5478ee000 Exception <a 'java/lang/reflect/InvocationTargetException'{0x0000000083854a28}> (0x0000000083854a28) thrown at [t:/workspace/open/src/hotspot/share/runtime/reflection.cpp, line 1183]
Event: 29.288 Thread 0x000001c5478ee000 Exception <a 'java/lang/NoClassDefFoundError'{0x00000000838902a0}: sun/reflect/Reflection> (0x00000000838902a0) thrown at [t:/workspace/open/src/hotspot/share/classfile/systemDictionary.cpp, line 224]

Events (10 events):
Event: 29.320 Executing VM operation: RevokeBias
Event: 29.320 Executing VM operation: RevokeBias done
Event: 29.320 Executing VM operation: RevokeBias
Event: 29.320 Executing VM operation: RevokeBias done
Event: 29.320 Executing VM operation: RevokeBias
Event: 29.320 Executing VM operation: RevokeBias done
Event: 29.325 loading class org/apache/coyote/Constants
Event: 29.325 loading class org/apache/coyote/Constants done
Event: 29.329 Executing VM operation: RevokeBias
Event: 29.329 Executing VM operation: RevokeBias done


Dynamic libraries:
0x00007ff60cae0000 - 0x00007ff60caef000 	C:\Program Files\Java\jdk-12.0.2\bin\java.exe
0x00007ffb0a5b0000 - 0x00007ffb0a791000 	C:\WINDOWS\SYSTEM32\ntdll.dll
0x00007ffb0a1b0000 - 0x00007ffb0a261000 	C:\WINDOWS\System32\KERNEL32.DLL
0x00007ffb07420000 - 0x00007ffb07693000 	C:\WINDOWS\System32\KERNELBASE.dll
0x00007ffb06970000 - 0x00007ffb06a68000 	C:\WINDOWS\System32\ucrtbase.dll
0x00007ffaf8350000 - 0x00007ffaf8368000 	C:\Program Files\Java\jdk-12.0.2\bin\jli.dll
0x00007ffb09ab0000 - 0x00007ffb09b51000 	C:\WINDOWS\System32\ADVAPI32.dll
0x00007ffb09a10000 - 0x00007ffb09aae000 	C:\WINDOWS\System32\msvcrt.dll
0x00007ffb07e80000 - 0x00007ffb07edb000 	C:\WINDOWS\System32\sechost.dll
0x00007ffb09d00000 - 0x00007ffb09e24000 	C:\WINDOWS\System32\RPCRT4.dll
0x00007ffb07ee0000 - 0x00007ffb08070000 	C:\WINDOWS\System32\USER32.dll
0x00007ffb07970000 - 0x00007ffb07990000 	C:\WINDOWS\System32\win32u.dll
0x00007ffb0a550000 - 0x00007ffb0a578000 	C:\WINDOWS\System32\GDI32.dll
0x00007ffb07750000 - 0x00007ffb078e1000 	C:\WINDOWS\System32\gdi32full.dll
0x00007ffb07990000 - 0x00007ffb07a2f000 	C:\WINDOWS\System32\msvcp_win.dll
0x00007ffaf8120000 - 0x00007ffaf8136000 	C:\Program Files\Java\jdk-12.0.2\bin\VCRUNTIME140.dll
0x00007ffaff140000 - 0x00007ffaff3a9000 	C:\WINDOWS\WinSxS\amd64_microsoft.windows.common-controls_6595b64144ccf1df_6.0.17134.1006_none_d3fbb8f77c940c3f\COMCTL32.dll
0x00007ffb09630000 - 0x00007ffb09951000 	C:\WINDOWS\System32\combase.dll
0x00007ffb078f0000 - 0x00007ffb07969000 	C:\WINDOWS\System32\bcryptPrimitives.dll
0x00007ffb01de0000 - 0x00007ffb01dea000 	C:\WINDOWS\SYSTEM32\VERSION.dll
0x00007ffb09fb0000 - 0x00007ffb09fdd000 	C:\WINDOWS\System32\IMM32.DLL
0x00007ffae44b0000 - 0x00007ffae455a000 	C:\Program Files\Java\jdk-12.0.2\bin\msvcp140.dll
0x00007ffade4a0000 - 0x00007ffadf017000 	C:\Program Files\Java\jdk-12.0.2\bin\server\jvm.dll
0x00007ffb09a00000 - 0x00007ffb09a08000 	C:\WINDOWS\System32\PSAPI.DLL
0x00007ffaf89e0000 - 0x00007ffaf89e9000 	C:\WINDOWS\SYSTEM32\WSOCK32.dll
0x00007ffb0a320000 - 0x00007ffb0a38c000 	C:\WINDOWS\System32\WS2_32.dll
0x00007ffb03e70000 - 0x00007ffb03e93000 	C:\WINDOWS\SYSTEM32\WINMM.dll
0x00007ffb03e40000 - 0x00007ffb03e6a000 	C:\WINDOWS\SYSTEM32\WINMMBASE.dll
0x00007ffb07700000 - 0x00007ffb07749000 	C:\WINDOWS\System32\cfgmgr32.dll
0x00007ffb068b0000 - 0x00007ffb068c1000 	C:\WINDOWS\System32\kernel.appcore.dll
0x00007ffb03da0000 - 0x00007ffb03db1000 	C:\Program Files\Java\jdk-12.0.2\bin\verify.dll
0x00007ffafa430000 - 0x00007ffafa5f9000 	C:\WINDOWS\SYSTEM32\DBGHELP.DLL
0x00007ffafa400000 - 0x00007ffafa429000 	C:\WINDOWS\SYSTEM32\dbgcore.DLL
0x00007ffb03d40000 - 0x00007ffb03d66000 	C:\Program Files\Java\jdk-12.0.2\bin\java.dll
0x00007ffaf8150000 - 0x00007ffaf815e000 	C:\Program Files\Java\jdk-12.0.2\bin\instrument.dll
0x00007ffb03d80000 - 0x00007ffb03d97000 	C:\Program Files\Java\jdk-12.0.2\bin\zip.dll
0x00007ffb03d30000 - 0x00007ffb03d3a000 	C:\Program Files\Java\jdk-12.0.2\bin\jimage.dll
0x00007ffb081c0000 - 0x00007ffb09602000 	C:\WINDOWS\System32\SHELL32.dll
0x00007ffb0a270000 - 0x00007ffb0a319000 	C:\WINDOWS\System32\shcore.dll
0x00007ffb06c60000 - 0x00007ffb0736e000 	C:\WINDOWS\System32\windows.storage.dll
0x00007ffb0a4f0000 - 0x00007ffb0a541000 	C:\WINDOWS\System32\shlwapi.dll
0x00007ffb06940000 - 0x00007ffb0695f000 	C:\WINDOWS\System32\profapi.dll
0x00007ffb068f0000 - 0x00007ffb0693c000 	C:\WINDOWS\System32\powrprof.dll
0x00007ffb06960000 - 0x00007ffb0696a000 	C:\WINDOWS\System32\FLTLIB.DLL
0x00007ffb03d10000 - 0x00007ffb03d29000 	C:\Program Files\Java\jdk-12.0.2\bin\net.dll
0x00007ffafaa90000 - 0x00007ffafab6d000 	C:\WINDOWS\SYSTEM32\WINHTTP.dll
0x00007ffaffed0000 - 0x00007ffb0009a000 	C:\WINDOWS\SYSTEM32\urlmon.dll
0x00007ffafaf40000 - 0x00007ffafb1e7000 	C:\WINDOWS\SYSTEM32\iertutil.dll
0x00007ffb062a0000 - 0x00007ffb062ab000 	C:\WINDOWS\SYSTEM32\CRYPTBASE.DLL
0x00007ffb060d0000 - 0x00007ffb06136000 	C:\WINDOWS\system32\mswsock.dll
0x00007ffafc550000 - 0x00007ffafc563000 	C:\Program Files\Java\jdk-12.0.2\bin\nio.dll
0x00007ffaf80d0000 - 0x00007ffaf80ea000 	C:\Program Files\JetBrains\IntelliJ IDEA Community Edition 2019.2\bin\breakgen64.dll
0x00007ffaf80b0000 - 0x00007ffaf80b9000 	C:\Program Files\Java\jdk-12.0.2\bin\management.dll
0x00007ffaee020000 - 0x00007ffaee02c000 	C:\Program Files\Java\jdk-12.0.2\bin\management_ext.dll
0x00007ffaf67c0000 - 0x00007ffaf67d6000 	C:\WINDOWS\system32\napinsp.dll
0x00007ffaf67a0000 - 0x00007ffaf67ba000 	C:\WINDOWS\system32\pnrpnsp.dll
0x00007ffb03ce0000 - 0x00007ffb03cf9000 	C:\WINDOWS\system32\NLAapi.dll
0x00007ffb05e70000 - 0x00007ffb05f2e000 	C:\WINDOWS\SYSTEM32\DNSAPI.dll
0x00007ffb08150000 - 0x00007ffb08158000 	C:\WINDOWS\System32\NSI.dll
0x00007ffb05e20000 - 0x00007ffb05e58000 	C:\WINDOWS\SYSTEM32\IPHLPAPI.DLL
0x00007ffaf6790000 - 0x00007ffaf679e000 	C:\WINDOWS\System32\winrnr.dll
0x00007ffafa3f0000 - 0x00007ffafa3fa000 	C:\Windows\System32\rasadhlp.dll
0x00007ffafaa10000 - 0x00007ffafaa82000 	C:\WINDOWS\System32\fwpuclnt.dll
0x00007ffb063b0000 - 0x00007ffb063d5000 	C:\WINDOWS\SYSTEM32\bcrypt.dll
0x00007ffb06280000 - 0x00007ffb06297000 	C:\WINDOWS\SYSTEM32\CRYPTSP.dll
0x00007ffb05c80000 - 0x00007ffb05cb3000 	C:\WINDOWS\system32\rsaenh.dll
0x00007ffb067b0000 - 0x00007ffb067d8000 	C:\WINDOWS\SYSTEM32\USERENV.dll
0x00007ffb02520000 - 0x00007ffb02536000 	C:\WINDOWS\SYSTEM32\dhcpcsvc6.DLL
0x00007ffb02630000 - 0x00007ffb0264a000 	C:\WINDOWS\SYSTEM32\dhcpcsvc.DLL
0x00007ffb044a0000 - 0x00007ffb044ae000 	C:\Program Files\Java\jdk-12.0.2\bin\sunmscapi.dll
0x00007ffb06a70000 - 0x00007ffb06c52000 	C:\WINDOWS\System32\CRYPT32.dll
0x00007ffb068d0000 - 0x00007ffb068e2000 	C:\WINDOWS\System32\MSASN1.dll
0x00007ffb06380000 - 0x00007ffb063a6000 	C:\WINDOWS\SYSTEM32\ncrypt.dll
0x00007ffb06340000 - 0x00007ffb06376000 	C:\WINDOWS\SYSTEM32\NTASN1.dll
0x00007ffaf8420000 - 0x00007ffaf8447000 	C:\Program Files\Java\jdk-12.0.2\bin\sunec.dll

dbghelp: loaded successfully - version: 4.0.5 - missing functions: none
symbol engine: initialized successfully - sym options: 0x614 - pdb path: .;C:\Program Files\Java\jdk-12.0.2\bin;C:\WINDOWS\SYSTEM32;C:\WINDOWS\WinSxS\amd64_microsoft.windows.common-controls_6595b64144ccf1df_6.0.17134.1006_none_d3fbb8f77c940c3f;C:\Program Files\Java\jdk-12.0.2\bin\server;C:\Program Files\JetBrains\IntelliJ IDEA Community Edition 2019.2\bin

VM Arguments:
jvm_args: -javaagent:C:\Program Files\JetBrains\IntelliJ IDEA Community Edition 2019.2\lib\idea_rt.jar=51231:C:\Program Files\JetBrains\IntelliJ IDEA Community Edition 2019.2\bin -Dfile.encoding=UTF-8 
java_command: konst.Application
java_class_path (initial): C:\MavenProject\java\project\konst\target\classes;C:\Users\константин\.m2\repository\org\springframework\boot\spring-boot-starter-web\2.1.6.RELEASE\spring-boot-starter-web-2.1.6.RELEASE.jar;C:\Users\константин\.m2\repository\org\springframework\boot\spring-boot-starter\2.1.6.RELEASE\spring-boot-starter-2.1.6.RELEASE.jar;C:\Users\константин\.m2\repository\org\springframework\boot\spring-boot-starter-logging\2.1.6.RELEASE\spring-boot-starter-logging-2.1.6.RELEASE.jar;C:\Users\константин\.m2\repository\ch\qos\logback\logback-classic\1.2.3\logback-classic-1.2.3.jar;C:\Users\константин\.m2\repository\ch\qos\logback\logback-core\1.2.3\logback-core-1.2.3.jar;C:\Users\константин\.m2\repository\org\apache\logging\log4j\log4j-to-slf4j\2.11.2\log4j-to-slf4j-2.11.2.jar;C:\Users\константин\.m2\repository\org\apache\logging\log4j\log4j-api\2.11.2\log4j-api-2.11.2.jar;C:\Users\константин\.m2\repository\org\slf4j\jul-to-slf4j\1.7.26\jul-to-slf4j-1.7.26.jar;C:\Users\константин\.m2\repository\javax\annotation\javax.annotation-api\1.3.2\javax.annotation-api-1.3.2.jar;C:\Users\константин\.m2\repository\org\springframework\spring-core\5.1.8.RELEASE\spring-core-5.1.8.RELEASE.jar;C:\Users\константин\.m2\repository\org\springframework\spring-jcl\5.1.8.RELEASE\spring-jcl-5.1.8.RELEASE.jar;C:\Users\константин\.m2\repository\org\yaml\snakeyaml\1.23\snakeyaml-1.23.jar;C:\Users\константин\.m2\repository\org\springframework\boot\spring-boot-starter-json\2.1.6.RELEASE\spring-boot-starter-json-2.1.6.RELEASE.jar;C:\Users\константин\.m2\repository\com\fasterxml\jackson\core\jackson-databind\2.9.9\jackson-databind-2.9.9.jar;C:\Users\константин\.m2\repository\com\fasterxml\jackson\core\jackson-annotations\2.9.0\jackson-annotations-2.9.0.jar;C:\Users\константин\.m2\repository\com\fasterxml\jackson\core\jackson-core\2.9.9\jackson-core-2.9.9.jar;C:\Users\константин\.m2\repository\com\fasterxml\jackson\datatype\jackson-datatype-jdk8\2.9.9\jackson-datatype-jdk8-2.9.9.jar;C:\Use
Launcher Type: SUN_STANDARD

[Global flags]
     intx CICompilerCount                          = 3                                         {product} {ergonomic}
     uint ConcGCThreads                            = 1                                         {product} {ergonomic}
     uint G1ConcRefinementThreads                  = 4                                         {product} {ergonomic}
   size_t G1HeapRegionSize                         = 1048576                                   {product} {ergonomic}
    uintx GCDrainStackTargetSize                   = 64                                        {product} {ergonomic}
   size_t InitialHeapSize                          = 134217728                                 {product} {ergonomic}
   size_t MarkStackSize                            = 4194304                                   {product} {ergonomic}
   size_t MaxHeapSize                              = 2147483648                                {product} {ergonomic}
   size_t MaxNewSize                               = 1287651328                                {product} {ergonomic}
   size_t MinHeapDeltaBytes                        = 1048576                                   {product} {ergonomic}
    uintx NonNMethodCodeHeapSize                   = 5830732                                {pd product} {ergonomic}
    uintx NonProfiledCodeHeapSize                  = 122913754                              {pd product} {ergonomic}
    uintx ProfiledCodeHeapSize                     = 122913754                              {pd product} {ergonomic}
    uintx ReservedCodeCacheSize                    = 251658240                              {pd product} {ergonomic}
     bool SegmentedCodeCache                       = true                                      {product} {ergonomic}
     bool UseCompressedClassPointers               = true                                 {lp64_product} {ergonomic}
     bool UseCompressedOops                        = true                                 {lp64_product} {ergonomic}
     bool UseG1GC                                  = true                                      {product} {ergonomic}
     bool UseLargePagesIndividualAllocation        = false                                  {pd product} {ergonomic}

Logging:
Log output configuration:
 #0: stdout all=warning uptime,level,tags
 #1: stderr all=off uptime,level,tags

Environment Variables:
JAVA_HOME=C:\Program Files\Java\jdk-12.0.2
PATH=C:\Program Files (x86)\PC Connectivity Solution\;C:\WINDOWS\system32;C:\WINDOWS;C:\WINDOWS\System32\Wbem;C:\WINDOWS\System32\WindowsPowerShell\v1.0\;C:\Program Files (x86)\Common Files\Acronis\SnapAPI\;C:\Program Files\Java\jdk1.8.0_111\bin;C:\Program Files (x86)\NVIDIA Corporation\PhysX\Common;C:\WINDOWS\system32;C:\WINDOWS;C:\WINDOWS\System32\Wbem;C:\WINDOWS\System32\WindowsPowerShell\v1.0\;C:\Program Files (x86)\Skype\Phone\;C:\WINDOWS\System32\OpenSSH\;C:\Program Files\Git\cmd;C:\maven\apache-maven-3.6.1\bin;C:\maven\apache-maven-3.6.1\bin;C:\Program Files\Java\jdk-12.0.2\bin
USERNAME=константин
OS=Windows_NT
PROCESSOR_IDENTIFIER=AMD64 Family 16 Model 4 Stepping 3, AuthenticAMD



---------------  S Y S T E M  ---------------

OS: Windows 10 , 64 bit Build 17134 (10.0.17134.753)

CPU:total 4 (initial active 4) (4 cores per cpu, 1 threads per core) family 16 model 4 stepping 3, cmov, cx8, fxsr, mmx, sse, sse2, sse3, popcnt, mmxext, 3dnowpref, lzcnt, sse4a, tsc, tscinvbit, tscinv

Memory: 4k page, system-wide physical 8189M (1956M free)
TotalPageFile size 10189M (AvailPageFile size 2M)
current process WorkingSet (physical memory assigned to process): 240M, peak: 280M
current process commit charge ("private bytes"): 268M, peak: 308M

vm_info: Java HotSpot(TM) 64-Bit Server VM (12.0.2+10) for windows-amd64 JRE (12.0.2+10), built on Jul 16 2019 01:56:17 by "mach5one" with MS VC++ 15.5 (VS2017)

END.
