#
# There is insufficient memory for the Java Runtime Environment to continue.
# Native memory allocation (malloc) failed to allocate 2023856 bytes for Chunk::new
# Possible reasons:
#   The system is out of physical RAM or swap space
#   The process is running with CompressedOops enabled, and the Java Heap may be blocking the growth of the native heap
# Possible solutions:
#   Reduce memory load on the system
#   Increase physical memory or swap space
#   Check if swap backing store is full
#   Decrease Java heap size (-Xmx/-Xms)
#   Decrease number of Java threads
#   Decrease Java thread stack sizes (-Xss)
#   Set larger code cache with -XX:ReservedCodeCacheSize=
#   JVM is running with Unscaled Compressed Oops mode in which the Java heap is
#     placed in the first 4GB address space. The Java Heap base address is the
#     maximum limit for the native heap growth. Please use -XX:HeapBaseMinAddress
#     to set the Java Heap base and to place the Java Heap above 4GB virtual address.
# This output file may be truncated or incomplete.
#
#  Out of Memory Error (t:/workspace/open/src/hotspot/share/memory/arena.cpp:197), pid=6872, tid=13556
#
# JRE version: Java(TM) SE Runtime Environment (12.0.2+10) (build 12.0.2+10)
# Java VM: Java HotSpot(TM) 64-Bit Server VM (12.0.2+10, mixed mode, sharing, tiered, compressed oops, g1 gc, windows-amd64)
# No core dump will be written. Minidumps are not enabled by default on client versions of Windows
#

---------------  S U M M A R Y ------------

Command Line: -javaagent:C:\Program Files\JetBrains\IntelliJ IDEA Community Edition 2019.2\lib\idea_rt.jar=51071:C:\Program Files\JetBrains\IntelliJ IDEA Community Edition 2019.2\bin -Dfile.encoding=UTF-8 konst.Application

Host: AMD Phenom(tm) II X4 945 Processor, 4 cores, 7G,  Windows 10 , 64 bit Build 17134 (10.0.17134.753)
Time: Thu Sep 19 01:30:28 2019 RTZ 2 (ceia) elapsed time: 9 seconds (0d 0h 0m 9s)

---------------  T H R E A D  ---------------

Current thread (0x0000020abe901800):  JavaThread "C2 CompilerThread1" daemon [_thread_in_native, id=13556, stack(0x000000abc1c00000,0x000000abc1d00000)]


Current CompileTask:
C2:   9723 5186   !   4       org.springframework.util.ReflectionUtils::doWithMethods (176 bytes)

Stack: [0x000000abc1c00000,0x000000abc1d00000]
Native frames: (J=compiled Java code, j=interpreted, Vv=VM code, C=native code)
V  [jvm.dll+0x63aa2a]
V  [jvm.dll+0x78ce1e]
V  [jvm.dll+0x78e4c1]
V  [jvm.dll+0x78eb13]
V  [jvm.dll+0x2627e8]
V  [jvm.dll+0xc55cc]
V  [jvm.dll+0xc5b4c]
V  [jvm.dll+0x37a677]
V  [jvm.dll+0x3463d3]
V  [jvm.dll+0x34579a]
V  [jvm.dll+0x21c205]
V  [jvm.dll+0x21b3da]
V  [jvm.dll+0x199a20]
V  [jvm.dll+0x22a744]
V  [jvm.dll+0x228d98]
V  [jvm.dll+0x7512a0]
V  [jvm.dll+0x74a2c8]
V  [jvm.dll+0x639b16]
C  [ucrtbase.dll+0x1e3fe]
C  [KERNEL32.DLL+0x14034]
C  [ntdll.dll+0x73691]


---------------  P R O C E S S  ---------------

Threads class SMR info:
_java_thread_list=0x0000020ac40d52a0, length=33, elements={
0x0000020abd1e8000, 0x0000020abd1ee800, 0x0000020abd207800, 0x0000020abd20a000,
0x0000020abd20b000, 0x0000020abd228800, 0x0000020abdba0000, 0x0000020abd1c9800,
0x0000020abdff4000, 0x0000020abdef3000, 0x0000020abe901800, 0x0000020ac1002800,
0x0000020abe2ce800, 0x0000020ac0da3800, 0x0000020ac10cd800, 0x0000020abdb7f000,
0x0000020ac090b800, 0x0000020ac1dac000, 0x0000020ac34f8800, 0x0000020ac220c800,
0x0000020ac1292000, 0x0000020ac5335000, 0x0000020ac5331000, 0x0000020ac5332000,
0x0000020ac5333000, 0x0000020ac5336000, 0x0000020ac5330800, 0x0000020ac5337000,
0x0000020ac5333800, 0x0000020ac5334800, 0x0000020ac411d000, 0x0000020ac411b000,
0x0000020ac411e000
}

Java Threads: ( => current thread )
  0x0000020abd1e8000 JavaThread "Reference Handler" daemon [_thread_blocked, id=13952, stack(0x000000abc0e00000,0x000000abc0f00000)]
  0x0000020abd1ee800 JavaThread "Finalizer" daemon [_thread_blocked, id=11220, stack(0x000000abc0f00000,0x000000abc1000000)]
  0x0000020abd207800 JavaThread "Signal Dispatcher" daemon [_thread_blocked, id=9516, stack(0x000000abc1000000,0x000000abc1100000)]
  0x0000020abd20a000 JavaThread "Attach Listener" daemon [_thread_blocked, id=8500, stack(0x000000abc1100000,0x000000abc1200000)]
  0x0000020abd20b000 JavaThread "C2 CompilerThread0" daemon [_thread_in_native, id=1828, stack(0x000000abc1200000,0x000000abc1300000)]
  0x0000020abd228800 JavaThread "C1 CompilerThread0" daemon [_thread_blocked, id=2964, stack(0x000000abc1300000,0x000000abc1400000)]
  0x0000020abdba0000 JavaThread "Sweeper thread" daemon [_thread_blocked, id=3780, stack(0x000000abc1400000,0x000000abc1500000)]
  0x0000020abd1c9800 JavaThread "Common-Cleaner" daemon [_thread_blocked, id=7888, stack(0x000000abc1500000,0x000000abc1600000)]
  0x0000020abdff4000 JavaThread "Monitor Ctrl-Break" daemon [_thread_in_native, id=11416, stack(0x000000abc1600000,0x000000abc1700000)]
  0x0000020abdef3000 JavaThread "Service Thread" daemon [_thread_blocked, id=3156, stack(0x000000abc1700000,0x000000abc1800000)]
=>0x0000020abe901800 JavaThread "C2 CompilerThread1" daemon [_thread_in_native, id=13556, stack(0x000000abc1c00000,0x000000abc1d00000)]
  0x0000020ac1002800 JavaThread "Catalina-utility-1" [_thread_blocked, id=6452, stack(0x000000abc1f00000,0x000000abc2000000)]
  0x0000020abe2ce800 JavaThread "Catalina-utility-2" [_thread_blocked, id=13352, stack(0x000000abc2100000,0x000000abc2200000)]
  0x0000020ac0da3800 JavaThread "container-0" [_thread_blocked, id=7416, stack(0x000000abc2200000,0x000000abc2300000)]
  0x0000020ac10cd800 JavaThread "mysql-cj-abandoned-connection-cleanup" daemon [_thread_blocked, id=3052, stack(0x000000abc2300000,0x000000abc2400000)]
  0x0000020abdb7f000 JavaThread "HikariPool-1 housekeeper" daemon [_thread_blocked, id=8180, stack(0x000000abc2500000,0x000000abc2600000)]
  0x0000020ac090b800 JavaThread "HikariPool-1 connection adder" daemon [_thread_blocked, id=14440, stack(0x000000abc2600000,0x000000abc2700000)]
  0x0000020ac1dac000 JavaThread "Live Reload Server" daemon [_thread_in_native, id=1640, stack(0x000000abc2800000,0x000000abc2900000)]
  0x0000020ac34f8800 JavaThread "File Watcher" daemon [_thread_blocked, id=684, stack(0x000000abc2700000,0x000000abc2800000)]
  0x0000020ac220c800 JavaThread "http-nio-8080-BlockPoller" daemon [_thread_in_native, id=15140, stack(0x000000abc2900000,0x000000abc2a00000)]
  0x0000020ac1292000 JavaThread "http-nio-8080-exec-1" daemon [_thread_blocked, id=3000, stack(0x000000abc2a00000,0x000000abc2b00000)]
  0x0000020ac5335000 JavaThread "http-nio-8080-exec-2" daemon [_thread_blocked, id=6356, stack(0x000000abc2b00000,0x000000abc2c00000)]
  0x0000020ac5331000 JavaThread "http-nio-8080-exec-3" daemon [_thread_blocked, id=14472, stack(0x000000abc2c00000,0x000000abc2d00000)]
  0x0000020ac5332000 JavaThread "http-nio-8080-exec-4" daemon [_thread_blocked, id=6548, stack(0x000000abc2d00000,0x000000abc2e00000)]
  0x0000020ac5333000 JavaThread "http-nio-8080-exec-5" daemon [_thread_blocked, id=10804, stack(0x000000abc2e00000,0x000000abc2f00000)]
  0x0000020ac5336000 JavaThread "http-nio-8080-exec-6" daemon [_thread_blocked, id=10480, stack(0x000000abc2f00000,0x000000abc3000000)]
  0x0000020ac5330800 JavaThread "http-nio-8080-exec-7" daemon [_thread_blocked, id=5024, stack(0x000000abc3000000,0x000000abc3100000)]
  0x0000020ac5337000 JavaThread "http-nio-8080-exec-8" daemon [_thread_blocked, id=6932, stack(0x000000abc3100000,0x000000abc3200000)]
  0x0000020ac5333800 JavaThread "http-nio-8080-exec-9" daemon [_thread_blocked, id=13620, stack(0x000000abc3200000,0x000000abc3300000)]
  0x0000020ac5334800 JavaThread "http-nio-8080-exec-10" daemon [_thread_blocked, id=14068, stack(0x000000abc3300000,0x000000abc3400000)]
  0x0000020ac411d000 JavaThread "http-nio-8080-ClientPoller" daemon [_thread_in_native, id=14648, stack(0x000000abc3400000,0x000000abc3500000)]
  0x0000020ac411b000 JavaThread "http-nio-8080-Acceptor" daemon [_thread_in_native, id=9304, stack(0x000000abc3500000,0x000000abc3600000)]
  0x0000020ac411e000 JavaThread "DestroyJavaVM" [_thread_blocked, id=3172, stack(0x000000abc0700000,0x000000abc0800000)]

Other Threads:
  0x0000020abd1e1800 VMThread "VM Thread" [stack: 0x000000abc0d00000,0x000000abc0e00000] [id=14240]
  0x0000020abe009000 WatcherThread [stack: 0x000000abc1800000,0x000000abc1900000] [id=12792]
  0x0000020a9cd1c800 GCTaskThread "GC Thread#0" [stack: 0x000000abc0800000,0x000000abc0900000] [id=14968]
  0x0000020abe759800 GCTaskThread "GC Thread#1" [stack: 0x000000abc1900000,0x000000abc1a00000] [id=15200]
  0x0000020abe913800 GCTaskThread "GC Thread#2" [stack: 0x000000abc1a00000,0x000000abc1b00000] [id=7568]
  0x0000020abeba5000 GCTaskThread "GC Thread#3" [stack: 0x000000abc2000000,0x000000abc2100000] [id=14036]
  0x0000020a9cdfe800 ConcurrentGCThread "G1 Main Marker" [stack: 0x000000abc0900000,0x000000abc0a00000] [id=1560]
  0x0000020a9ce01000 ConcurrentGCThread "G1 Conc#0" [stack: 0x000000abc0a00000,0x000000abc0b00000] [id=7028]
  0x0000020a9ce7e800 ConcurrentGCThread "G1 Refine#0" [stack: 0x000000abc0b00000,0x000000abc0c00000] [id=11164]
  0x0000020abded6000 ConcurrentGCThread "G1 Refine#1" [stack: 0x000000abc1b00000,0x000000abc1c00000] [id=8156]
  0x0000020abd060800 ConcurrentGCThread "G1 Young RemSet Sampling" [stack: 0x000000abc0c00000,0x000000abc0d00000] [id=10996]

Threads with active compile tasks:
C2 CompilerThread0  5017   !   4       org.springframework.core.annotation.AnnotatedElementUtils::searchWithFindSemantics (774 bytes)
C2 CompilerThread1  5186   !   4       org.springframework.util.ReflectionUtils::doWithMethods (176 bytes)

VM state:not at safepoint (normal execution)

VM Mutex/Monitor currently owned by a thread: None

Heap address: 0x0000000080000000, size: 2048 MB, Compressed Oops mode: 32-bit
Narrow klass base: 0x0000000800000000, Narrow klass shift: 3
Compressed class space size: 1073741824 Address: 0x0000000801190000

Heap:
 garbage-first heap   total 86016K, used 60204K [0x0000000080000000, 0x0000000100000000)
  region size 1024K, 37 young (37888K), 5 survivors (5120K)
 Metaspace       used 57928K, capacity 59284K, committed 59392K, reserved 1099776K
  class space    used 7639K, capacity 8161K, committed 8192K, reserved 1048576K
Heap Regions: E=young(eden), S=young(survivor), O=old, HS=humongous(starts), HC=humongous(continues), CS=collection set, F=free, A=archive, TAMS=top-at-mark-start (previous, next)
|   0|0x0000000080000000, 0x0000000080100000, 0x0000000080100000|100%|HS|  |TAMS 0x0000000080100000, 0x0000000080000000| Complete 
|   1|0x0000000080100000, 0x0000000080200000, 0x0000000080200000|100%| O|  |TAMS 0x0000000080200000, 0x0000000080100000| Untracked 
|   2|0x0000000080200000, 0x0000000080300000, 0x0000000080300000|100%| O|  |TAMS 0x0000000080300000, 0x0000000080200000| Untracked 
|   3|0x0000000080300000, 0x0000000080400000, 0x0000000080400000|100%| O|  |TAMS 0x0000000080400000, 0x0000000080300000| Untracked 
|   4|0x0000000080400000, 0x0000000080500000, 0x0000000080500000|100%| O|  |TAMS 0x0000000080500000, 0x0000000080400000| Untracked 
|   5|0x0000000080500000, 0x00000000805d8e00, 0x0000000080600000| 84%| O|  |TAMS 0x00000000805d8e00, 0x0000000080500000| Untracked 
|   6|0x0000000080600000, 0x0000000080700000, 0x0000000080700000|100%| O|  |TAMS 0x0000000080700000, 0x0000000080600000| Untracked 
|   7|0x0000000080700000, 0x0000000080800000, 0x0000000080800000|100%| O|  |TAMS 0x0000000080800000, 0x0000000080700000| Untracked 
|   8|0x0000000080800000, 0x0000000080900000, 0x0000000080900000|100%| O|  |TAMS 0x0000000080900000, 0x0000000080800000| Untracked 
|   9|0x0000000080900000, 0x0000000080a00000, 0x0000000080a00000|100%| O|  |TAMS 0x0000000080a00000, 0x0000000080900000| Untracked 
|  10|0x0000000080a00000, 0x0000000080b00000, 0x0000000080b00000|100%| O|  |TAMS 0x0000000080b00000, 0x0000000080a00000| Untracked 
|  11|0x0000000080b00000, 0x0000000080c00000, 0x0000000080c00000|100%| O|  |TAMS 0x0000000080c00000, 0x0000000080b00000| Untracked 
|  12|0x0000000080c00000, 0x0000000080d00000, 0x0000000080d00000|100%| O|  |TAMS 0x0000000080d00000, 0x0000000080c00000| Untracked 
|  13|0x0000000080d00000, 0x0000000080e00000, 0x0000000080e00000|100%| O|  |TAMS 0x0000000080e00000, 0x0000000080d00000| Untracked 
|  14|0x0000000080e00000, 0x0000000080e37c00, 0x0000000080f00000| 21%| O|  |TAMS 0x0000000080e37c00, 0x0000000080e00000| Untracked 
|  15|0x0000000080f00000, 0x0000000081000000, 0x0000000081000000|100%| O|  |TAMS 0x0000000080f00000, 0x0000000080f00000| Untracked 
|  16|0x0000000081000000, 0x0000000081100000, 0x0000000081100000|100%| O|  |TAMS 0x0000000081000000, 0x0000000081000000| Untracked 
|  17|0x0000000081100000, 0x0000000081200000, 0x0000000081200000|100%| O|  |TAMS 0x0000000081100000, 0x0000000081100000| Untracked 
|  18|0x0000000081200000, 0x0000000081300000, 0x0000000081300000|100%| O|  |TAMS 0x0000000081200000, 0x0000000081200000| Untracked 
|  19|0x0000000081300000, 0x0000000081400000, 0x0000000081400000|100%| O|  |TAMS 0x0000000081300000, 0x0000000081300000| Untracked 
|  20|0x0000000081400000, 0x0000000081500000, 0x0000000081500000|100%| O|  |TAMS 0x0000000081400000, 0x0000000081400000| Untracked 
|  21|0x0000000081500000, 0x0000000081600000, 0x0000000081600000|100%| O|  |TAMS 0x0000000081500000, 0x0000000081500000| Untracked 
|  22|0x0000000081600000, 0x0000000081700000, 0x0000000081700000|100%| O|  |TAMS 0x0000000081600000, 0x0000000081600000| Untracked 
|  23|0x0000000081700000, 0x0000000081800000, 0x0000000081800000|100%| O|  |TAMS 0x0000000081700000, 0x0000000081700000| Untracked 
|  24|0x0000000081800000, 0x00000000818a5200, 0x0000000081900000| 64%| O|  |TAMS 0x0000000081800000, 0x0000000081800000| Untracked 
|  25|0x0000000081900000, 0x0000000081900000, 0x0000000081a00000|  0%| F|  |TAMS 0x0000000081900000, 0x0000000081900000| Untracked 
|  26|0x0000000081a00000, 0x0000000081a00000, 0x0000000081b00000|  0%| F|  |TAMS 0x0000000081a00000, 0x0000000081a00000| Untracked 
|  27|0x0000000081b00000, 0x0000000081b00000, 0x0000000081c00000|  0%| F|  |TAMS 0x0000000081b00000, 0x0000000081b00000| Untracked 
|  28|0x0000000081c00000, 0x0000000081c00000, 0x0000000081d00000|  0%| F|  |TAMS 0x0000000081c00000, 0x0000000081c00000| Untracked 
|  29|0x0000000081d00000, 0x0000000081d00000, 0x0000000081e00000|  0%| F|  |TAMS 0x0000000081d00000, 0x0000000081d00000| Untracked 
|  30|0x0000000081e00000, 0x0000000081e00000, 0x0000000081f00000|  0%| F|  |TAMS 0x0000000081e00000, 0x0000000081e00000| Untracked 
|  31|0x0000000081f00000, 0x0000000081f00000, 0x0000000082000000|  0%| F|  |TAMS 0x0000000081f00000, 0x0000000081f00000| Untracked 
|  32|0x0000000082000000, 0x0000000082000000, 0x0000000082100000|  0%| F|  |TAMS 0x0000000082000000, 0x0000000082000000| Untracked 
|  33|0x0000000082100000, 0x0000000082100000, 0x0000000082200000|  0%| F|  |TAMS 0x0000000082100000, 0x0000000082100000| Untracked 
|  34|0x0000000082200000, 0x0000000082200000, 0x0000000082300000|  0%| F|  |TAMS 0x0000000082200000, 0x0000000082200000| Untracked 
|  35|0x0000000082300000, 0x0000000082300000, 0x0000000082400000|  0%| F|  |TAMS 0x0000000082300000, 0x0000000082300000| Untracked 
|  36|0x0000000082400000, 0x0000000082400000, 0x0000000082500000|  0%| F|  |TAMS 0x0000000082400000, 0x0000000082400000| Untracked 
|  37|0x0000000082500000, 0x0000000082500000, 0x0000000082600000|  0%| F|  |TAMS 0x0000000082500000, 0x0000000082500000| Untracked 
|  38|0x0000000082600000, 0x0000000082600000, 0x0000000082700000|  0%| F|  |TAMS 0x0000000082600000, 0x0000000082600000| Untracked 
|  39|0x0000000082700000, 0x0000000082700000, 0x0000000082800000|  0%| F|  |TAMS 0x0000000082700000, 0x0000000082700000| Untracked 
|  40|0x0000000082800000, 0x0000000082800000, 0x0000000082900000|  0%| F|  |TAMS 0x0000000082800000, 0x0000000082800000| Untracked 
|  41|0x0000000082900000, 0x0000000082900000, 0x0000000082a00000|  0%| F|  |TAMS 0x0000000082900000, 0x0000000082900000| Untracked 
|  42|0x0000000082a00000, 0x0000000082a00000, 0x0000000082b00000|  0%| F|  |TAMS 0x0000000082a00000, 0x0000000082a00000| Untracked 
|  43|0x0000000082b00000, 0x0000000082b00000, 0x0000000082c00000|  0%| F|  |TAMS 0x0000000082b00000, 0x0000000082b00000| Untracked 
|  44|0x0000000082c00000, 0x0000000082c00000, 0x0000000082d00000|  0%| F|  |TAMS 0x0000000082c00000, 0x0000000082c00000| Untracked 
|  45|0x0000000082d00000, 0x0000000082d154b0, 0x0000000082e00000|  8%| S|CS|TAMS 0x0000000082d00000, 0x0000000082d00000| Complete 
|  46|0x0000000082e00000, 0x0000000082f00000, 0x0000000082f00000|100%| S|CS|TAMS 0x0000000082e00000, 0x0000000082e00000| Complete 
|  47|0x0000000082f00000, 0x0000000083000000, 0x0000000083000000|100%| S|CS|TAMS 0x0000000082f00000, 0x0000000082f00000| Complete 
|  48|0x0000000083000000, 0x0000000083100000, 0x0000000083100000|100%| S|CS|TAMS 0x0000000083000000, 0x0000000083000000| Complete 
|  49|0x0000000083100000, 0x0000000083200000, 0x0000000083200000|100%| S|CS|TAMS 0x0000000083100000, 0x0000000083100000| Complete 
|  50|0x0000000083200000, 0x0000000083200000, 0x0000000083300000|  0%| F|  |TAMS 0x0000000083200000, 0x0000000083200000| Untracked 
|  51|0x0000000083300000, 0x0000000083300000, 0x0000000083400000|  0%| F|  |TAMS 0x0000000083300000, 0x0000000083300000| Untracked 
|  52|0x0000000083400000, 0x0000000083500000, 0x0000000083500000|100%| E|  |TAMS 0x0000000083400000, 0x0000000083400000| Complete 
|  53|0x0000000083500000, 0x0000000083600000, 0x0000000083600000|100%| E|CS|TAMS 0x0000000083500000, 0x0000000083500000| Complete 
|  54|0x0000000083600000, 0x0000000083700000, 0x0000000083700000|100%| E|CS|TAMS 0x0000000083600000, 0x0000000083600000| Complete 
|  55|0x0000000083700000, 0x0000000083800000, 0x0000000083800000|100%| E|CS|TAMS 0x0000000083700000, 0x0000000083700000| Complete 
|  56|0x0000000083800000, 0x0000000083900000, 0x0000000083900000|100%| E|CS|TAMS 0x0000000083800000, 0x0000000083800000| Complete 
|  57|0x0000000083900000, 0x0000000083a00000, 0x0000000083a00000|100%| E|CS|TAMS 0x0000000083900000, 0x0000000083900000| Complete 
|  58|0x0000000083a00000, 0x0000000083b00000, 0x0000000083b00000|100%| E|CS|TAMS 0x0000000083a00000, 0x0000000083a00000| Complete 
|  59|0x0000000083b00000, 0x0000000083c00000, 0x0000000083c00000|100%| E|CS|TAMS 0x0000000083b00000, 0x0000000083b00000| Complete 
|  60|0x0000000083c00000, 0x0000000083d00000, 0x0000000083d00000|100%| E|CS|TAMS 0x0000000083c00000, 0x0000000083c00000| Complete 
|  61|0x0000000083d00000, 0x0000000083e00000, 0x0000000083e00000|100%| E|CS|TAMS 0x0000000083d00000, 0x0000000083d00000| Complete 
|  62|0x0000000083e00000, 0x0000000083f00000, 0x0000000083f00000|100%| E|CS|TAMS 0x0000000083e00000, 0x0000000083e00000| Complete 
|  63|0x0000000083f00000, 0x0000000084000000, 0x0000000084000000|100%| E|CS|TAMS 0x0000000083f00000, 0x0000000083f00000| Complete 
|  64|0x0000000084000000, 0x0000000084100000, 0x0000000084100000|100%| E|CS|TAMS 0x0000000084000000, 0x0000000084000000| Complete 
|  65|0x0000000084100000, 0x0000000084200000, 0x0000000084200000|100%| E|CS|TAMS 0x0000000084100000, 0x0000000084100000| Complete 
|  66|0x0000000084200000, 0x0000000084300000, 0x0000000084300000|100%| E|CS|TAMS 0x0000000084200000, 0x0000000084200000| Complete 
|  67|0x0000000084300000, 0x0000000084400000, 0x0000000084400000|100%| E|CS|TAMS 0x0000000084300000, 0x0000000084300000| Complete 
|  68|0x0000000084400000, 0x0000000084500000, 0x0000000084500000|100%| E|CS|TAMS 0x0000000084400000, 0x0000000084400000| Complete 
|  69|0x0000000084500000, 0x0000000084600000, 0x0000000084600000|100%| E|CS|TAMS 0x0000000084500000, 0x0000000084500000| Complete 
|  70|0x0000000084600000, 0x0000000084700000, 0x0000000084700000|100%| E|CS|TAMS 0x0000000084600000, 0x0000000084600000| Complete 
|  71|0x0000000084700000, 0x0000000084800000, 0x0000000084800000|100%| E|CS|TAMS 0x0000000084700000, 0x0000000084700000| Complete 
|  72|0x0000000084800000, 0x0000000084900000, 0x0000000084900000|100%| E|CS|TAMS 0x0000000084800000, 0x0000000084800000| Complete 
|  73|0x0000000084900000, 0x0000000084a00000, 0x0000000084a00000|100%| E|CS|TAMS 0x0000000084900000, 0x0000000084900000| Complete 
|  74|0x0000000084a00000, 0x0000000084b00000, 0x0000000084b00000|100%| E|CS|TAMS 0x0000000084a00000, 0x0000000084a00000| Complete 
|  75|0x0000000084b00000, 0x0000000084c00000, 0x0000000084c00000|100%| E|CS|TAMS 0x0000000084b00000, 0x0000000084b00000| Complete 
|  76|0x0000000084c00000, 0x0000000084d00000, 0x0000000084d00000|100%| E|CS|TAMS 0x0000000084c00000, 0x0000000084c00000| Complete 
|  77|0x0000000084d00000, 0x0000000084e00000, 0x0000000084e00000|100%| E|CS|TAMS 0x0000000084d00000, 0x0000000084d00000| Complete 
|  78|0x0000000084e00000, 0x0000000084f00000, 0x0000000084f00000|100%| E|CS|TAMS 0x0000000084e00000, 0x0000000084e00000| Complete 
|  84|0x0000000085400000, 0x0000000085500000, 0x0000000085500000|100%| E|CS|TAMS 0x0000000085400000, 0x0000000085400000| Complete 
|  85|0x0000000085500000, 0x0000000085600000, 0x0000000085600000|100%| E|CS|TAMS 0x0000000085500000, 0x0000000085500000| Complete 
|  86|0x0000000085600000, 0x0000000085700000, 0x0000000085700000|100%| E|CS|TAMS 0x0000000085600000, 0x0000000085600000| Complete 
|  87|0x0000000085700000, 0x0000000085800000, 0x0000000085800000|100%| E|CS|TAMS 0x0000000085700000, 0x0000000085700000| Complete 
| 127|0x0000000087f00000, 0x0000000088000000, 0x0000000088000000|100%| E|CS|TAMS 0x0000000087f00000, 0x0000000087f00000| Complete 

Card table byte_map: [0x0000020ab63c0000,0x0000020ab67c0000] _byte_map_base: 0x0000020ab5fc0000

Marking Bits (Prev, Next): (CMBitMap*) 0x0000020a9cd1d9c8, (CMBitMap*) 0x0000020a9cd1d988
 Prev Bits: [0x0000020ab8bc0000, 0x0000020ababc0000)
 Next Bits: [0x0000020ab6bc0000, 0x0000020ab8bc0000)

Polling page: 0x0000020a9e630000

Metaspace:

Usage:
  Non-class:     49.92 MB capacity,    49.11 MB ( 98%) used,   667.37 KB (  1%) free+waste,   167.06 KB ( <1%) overhead. 
      Class:      7.97 MB capacity,     7.46 MB ( 94%) used,   442.85 KB (  5%) free+waste,    78.25 KB ( <1%) overhead. 
       Both:     57.89 MB capacity,    56.57 MB ( 98%) used,     1.08 MB (  2%) free+waste,   245.31 KB ( <1%) overhead. 

Virtual space:
  Non-class space:       50.00 MB reserved,      50.00 MB (100%) committed 
      Class space:        1.00 GB reserved,       8.00 MB ( <1%) committed 
             Both:        1.05 GB reserved,      58.00 MB (  5%) committed 

Chunk freelists:
   Non-Class:  1.63 KB
       Class:  0 bytes
        Both:  1.63 KB

CodeHeap 'non-profiled nmethods': size=120064Kb used=2591Kb max_used=2591Kb free=117473Kb
 bounds [0x0000020aae440000, 0x0000020aae6d0000, 0x0000020ab5980000]
CodeHeap 'profiled nmethods': size=120000Kb used=11296Kb max_used=11296Kb free=108703Kb
 bounds [0x0000020aa6f10000, 0x0000020aa7a30000, 0x0000020aae440000]
CodeHeap 'non-nmethods': size=5696Kb used=1305Kb max_used=1305Kb free=4390Kb
 bounds [0x0000020aa6980000, 0x0000020aa6bf0000, 0x0000020aa6f10000]
 total_blobs=7174 nmethods=4688 adapters=544
 compilation: enabled
              stopped_count=0, restarted_count=0
 full_count=0

Compilation events (10 events):
Event: 9.686 Thread 0x0000020abd228800 5364       2       jdk.internal.math.FDBigInteger::mult (64 bytes)
Event: 9.687 Thread 0x0000020abd228800 nmethod 5364 0x0000020aa7a25490 code [0x0000020aa7a25660, 0x0000020aa7a258b8]
Event: 9.687 Thread 0x0000020abd228800 5365       2       jdk.internal.math.FDBigInteger::<init> (30 bytes)
Event: 9.687 Thread 0x0000020abd228800 nmethod 5365 0x0000020aa7a25a90 code [0x0000020aa7a25c60, 0x0000020aa7a25e50]
Event: 9.687 Thread 0x0000020abd228800 5366       2       jdk.internal.math.FDBigInteger::trimLeadingZeros (57 bytes)
Event: 9.687 Thread 0x0000020abd228800 nmethod 5366 0x0000020aa7a25f10 code [0x0000020aa7a260e0, 0x0000020aa7a26338]
Event: 9.687 Thread 0x0000020abd228800 5367       2       java.util.Calendar::complete (40 bytes)
Event: 9.687 Thread 0x0000020abd228800 nmethod 5367 0x0000020aa7a26490 code [0x0000020aa7a26660, 0x0000020aa7a26880]
Event: 9.690 Thread 0x0000020abd228800 5368       2       org.springframework.core.ResolvableType::isAssignableFrom (407 bytes)
Event: 9.692 Thread 0x0000020abd228800 nmethod 5368 0x0000020aa7a26990 code [0x0000020aa7a26cc0, 0x0000020aa7a279b0]

GC Heap History (10 events):
Event: 6.326 GC heap before
{Heap before GC invocations=12 (full 0):
 garbage-first heap   total 73728K, used 41408K [0x0000000080000000, 0x0000000100000000)
  region size 1024K, 28 young (28672K), 3 survivors (3072K)
 Metaspace       used 34665K, capacity 35695K, committed 35840K, reserved 1081344K
  class space    used 4248K, capacity 4620K, committed 4736K, reserved 1048576K
}
Event: 6.333 GC heap after
{Heap after GC invocations=13 (full 0):
 garbage-first heap   total 73728K, used 19049K [0x0000000080000000, 0x0000000100000000)
  region size 1024K, 5 young (5120K), 5 survivors (5120K)
 Metaspace       used 34665K, capacity 35695K, committed 35840K, reserved 1081344K
  class space    used 4248K, capacity 4620K, committed 4736K, reserved 1048576K
}
Event: 7.113 GC heap before
{Heap before GC invocations=14 (full 0):
 garbage-first heap   total 71680K, used 53865K [0x0000000080000000, 0x0000000100000000)
  region size 1024K, 40 young (40960K), 5 survivors (5120K)
 Metaspace       used 41620K, capacity 42713K, committed 43008K, reserved 1087488K
  class space    used 5203K, capacity 5585K, committed 5632K, reserved 1048576K
}
Event: 7.123 GC heap after
{Heap after GC invocations=15 (full 0):
 garbage-first heap   total 71680K, used 24074K [0x0000000080000000, 0x0000000100000000)
  region size 1024K, 5 young (5120K), 5 survivors (5120K)
 Metaspace       used 41620K, capacity 42713K, committed 43008K, reserved 1087488K
  class space    used 5203K, capacity 5585K, committed 5632K, reserved 1048576K
}
Event: 7.751 GC heap before
{Heap before GC invocations=16 (full 0):
 garbage-first heap   total 71680K, used 53770K [0x0000000080000000, 0x0000000100000000)
  region size 1024K, 34 young (34816K), 5 survivors (5120K)
 Metaspace       used 46725K, capacity 47773K, committed 47872K, reserved 1091584K
  class space    used 6020K, capacity 6396K, committed 6400K, reserved 1048576K
}
Event: 7.757 GC heap after
{Heap after GC invocations=17 (full 0):
 garbage-first heap   total 71680K, used 25675K [0x0000000080000000, 0x0000000100000000)
  region size 1024K, 2 young (2048K), 2 survivors (2048K)
 Metaspace       used 46725K, capacity 47773K, committed 47872K, reserved 1091584K
  class space    used 6020K, capacity 6396K, committed 6400K, reserved 1048576K
}
Event: 8.328 GC heap before
{Heap before GC invocations=17 (full 0):
 garbage-first heap   total 71680K, used 54347K [0x0000000080000000, 0x0000000100000000)
  region size 1024K, 30 young (30720K), 2 survivors (2048K)
 Metaspace       used 51422K, capacity 52509K, committed 52864K, reserved 1095680K
  class space    used 6762K, capacity 7184K, committed 7296K, reserved 1048576K
}
Event: 8.332 GC heap after
{Heap after GC invocations=18 (full 0):
 garbage-first heap   total 86016K, used 26161K [0x0000000080000000, 0x0000000100000000)
  region size 1024K, 2 young (2048K), 2 survivors (2048K)
 Metaspace       used 51422K, capacity 52509K, committed 52864K, reserved 1095680K
  class space    used 6762K, capacity 7184K, committed 7296K, reserved 1048576K
}
Event: 9.094 GC heap before
{Heap before GC invocations=18 (full 0):
 garbage-first heap   total 86016K, used 60977K [0x0000000080000000, 0x0000000100000000)
  region size 1024K, 36 young (36864K), 2 survivors (2048K)
 Metaspace       used 55393K, capacity 56690K, committed 56704K, reserved 1097728K
  class space    used 7298K, capacity 7794K, committed 7808K, reserved 1048576K
}
Event: 9.100 GC heap after
{Heap after GC invocations=19 (full 0):
 garbage-first heap   total 86016K, used 28460K [0x0000000080000000, 0x0000000100000000)
  region size 1024K, 5 young (5120K), 5 survivors (5120K)
 Metaspace       used 55393K, capacity 56690K, committed 56704K, reserved 1097728K
  class space    used 7298K, capacity 7794K, committed 7808K, reserved 1048576K
}

Deoptimization events (10 events):
Event: 8.737 Thread 0x0000020abec05800 Uncommon trap: reason=speculate_null_assert action=make_not_entrant pc=0x0000020aae570674 method=org.springframework.util.ConcurrentReferenceHashMap$Segment.restructureIfNecessary(Z)V @ 34 c2
Event: 8.871 Thread 0x0000020abec05800 Uncommon trap: reason=class_check action=maybe_recompile pc=0x0000020aae5ec2e0 method=org.springframework.beans.factory.support.AbstractBeanFactory.isTypeMatch(Ljava/lang/String;Lorg/springframework/core/ResolvableType;)Z @ 47 c2
Event: 8.904 Thread 0x0000020abec05800 Uncommon trap: reason=unstable_if action=reinterpret pc=0x0000020aae4e1348 method=java.util.concurrent.ConcurrentHashMap.transfer([Ljava/util/concurrent/ConcurrentHashMap$Node;[Ljava/util/concurrent/ConcurrentHashMap$Node;)V @ 352 c2
Event: 9.316 Thread 0x0000020abec05800 Uncommon trap: reason=unstable_if action=reinterpret pc=0x0000020aae6bff7c method=org.springframework.beans.factory.support.AbstractBeanFactory.isTypeMatch(Ljava/lang/String;Lorg/springframework/core/ResolvableType;)Z @ 26 c2
Event: 9.318 Thread 0x0000020abec05800 Uncommon trap: reason=unstable_if action=reinterpret pc=0x0000020aae4d59b4 method=java.util.concurrent.ConcurrentHashMap.transfer([Ljava/util/concurrent/ConcurrentHashMap$Node;[Ljava/util/concurrent/ConcurrentHashMap$Node;)V @ 352 c2
Event: 9.386 Thread 0x0000020abec05800 Uncommon trap: reason=null_check action=make_not_entrant pc=0x0000020aae575a88 method=org.springframework.util.ClassUtils.isAssignable(Ljava/lang/Class;Ljava/lang/Class;)Z @ 14 c2
Event: 9.644 Thread 0x0000020abec05800 Uncommon trap: reason=unstable_if action=reinterpret pc=0x0000020aae5f5d08 method=org.springframework.util.ConcurrentReferenceHashMap$Segment.clear()V @ 4 c2
Event: 9.682 Thread 0x0000020abec05800 Uncommon trap: reason=bimorphic_or_optimized_type_check action=maybe_recompile pc=0x0000020aae628564 method=java.util.Hashtable.get(Ljava/lang/Object;)Ljava/lang/Object; @ 6 c2
Event: 9.683 Thread 0x0000020abec05800 Uncommon trap: reason=bimorphic_or_optimized_type_check action=maybe_recompile pc=0x0000020aae628564 method=java.util.Hashtable.get(Ljava/lang/Object;)Ljava/lang/Object; @ 6 c2
Event: 9.685 Thread 0x0000020abec05800 Uncommon trap: reason=class_check action=maybe_recompile pc=0x0000020aae6bbc5c method=org.springframework.util.ConcurrentReferenceHashMap$ReferenceManager.pollForPurge()Lorg/springframework/util/ConcurrentReferenceHashMap$Reference; @ 7 c2

Classes redefined (0 events):
No events

Internal exceptions (10 events):
Event: 8.970 Thread 0x0000020abec05800 Exception <a 'java/lang/ClassNotFoundException'{0x0000000083879500}: org/springframework/context/annotation/ConfigurationClassEnhancer$EnhancedConfigurationCustomizer> (0x0000000083879500) thrown at [t:/workspace/open/src/hotspot/share/classfile/systemDic
Event: 8.971 Thread 0x0000020abec05800 Exception <a 'java/lang/ClassNotFoundException'{0x00000000838846f8}: org/springframework/beans/factory/BeanFactoryAwareCustomizer> (0x00000000838846f8) thrown at [t:/workspace/open/src/hotspot/share/classfile/systemDictionary.cpp, line 235]
Event: 8.972 Thread 0x0000020abec05800 Exception <a 'java/lang/ClassNotFoundException'{0x000000008388f800}: org/springframework/beans/factory/AwareCustomizer> (0x000000008388f800) thrown at [t:/workspace/open/src/hotspot/share/classfile/systemDictionary.cpp, line 235]
Event: 8.972 Thread 0x0000020abec05800 Exception <a 'java/lang/ClassNotFoundException'{0x000000008389a7b8}: org/springframework/context/ApplicationContextAwareCustomizer> (0x000000008389a7b8) thrown at [t:/workspace/open/src/hotspot/share/classfile/systemDictionary.cpp, line 235]
Event: 8.973 Thread 0x0000020abec05800 Exception <a 'java/lang/ClassNotFoundException'{0x00000000838a5cf8}: org/springframework/beans/factory/AwareCustomizer> (0x00000000838a5cf8) thrown at [t:/workspace/open/src/hotspot/share/classfile/systemDictionary.cpp, line 235]
Event: 8.974 Thread 0x0000020abec05800 Exception <a 'java/lang/ClassNotFoundException'{0x00000000838b0c78}: org/springframework/web/context/ServletContextAwareCustomizer> (0x00000000838b0c78) thrown at [t:/workspace/open/src/hotspot/share/classfile/systemDictionary.cpp, line 235]
Event: 8.975 Thread 0x0000020abec05800 Exception <a 'java/lang/ClassNotFoundException'{0x00000000838bba40}: org/springframework/beans/factory/AwareCustomizer> (0x00000000838bba40) thrown at [t:/workspace/open/src/hotspot/share/classfile/systemDictionary.cpp, line 235]
Event: 9.191 Thread 0x0000020abec05800 Exception <a 'java/lang/NoSuchMethodError'{0x0000000084efb0e8}: java.lang.invoke.DirectMethodHandle$Holder.invokeVirtual(Ljava/lang/Object;Ljava/lang/Object;I)V> (0x0000000084efb0e8) thrown at [t:/workspace/open/src/hotspot/share/interpreter/linkResolver.
Event: 9.386 Thread 0x0000020abec05800 Implicit null exception at 0x0000020aae57587a to 0x0000020aae575a72
Event: 9.675 Thread 0x0000020abec05800 Exception <a 'java/lang/NoSuchMethodError'{0x000000008357b2d8}: java.lang.invoke.DirectMethodHandle$Holder.newInvokeSpecial(Ljava/lang/Object;I)Ljava/lang/Object;> (0x000000008357b2d8) thrown at [t:/workspace/open/src/hotspot/share/interpreter/linkResolve

Events (10 events):
Event: 9.692 loading class org/springframework/boot/system/JavaVersion
Event: 9.692 loading class org/springframework/boot/system/JavaVersion done
Event: 9.693 Thread 0x0000020abec05800 Thread exited: 0x0000020abec05800
Event: 9.693 loading class java/security/cert/URICertStoreParameters
Event: 9.693 loading class java/security/cert/CertStoreParameters
Event: 9.693 loading class java/security/cert/CertStoreParameters done
Event: 9.693 loading class java/security/cert/URICertStoreParameters done
Event: 9.693 Thread 0x0000020abea87800 Thread exited: 0x0000020abea87800
Event: 9.695 Thread 0x0000020a9cdb3800 Thread exited: 0x0000020a9cdb3800
Event: 9.695 Thread 0x0000020ac411e000 Thread added: 0x0000020ac411e000


Dynamic libraries:
0x00007ff60cae0000 - 0x00007ff60caef000 	C:\Program Files\Java\jdk-12.0.2\bin\java.exe
0x00007ffb0a5b0000 - 0x00007ffb0a791000 	C:\WINDOWS\SYSTEM32\ntdll.dll
0x00007ffb0a1b0000 - 0x00007ffb0a261000 	C:\WINDOWS\System32\KERNEL32.DLL
0x00007ffb07420000 - 0x00007ffb07693000 	C:\WINDOWS\System32\KERNELBASE.dll
0x00007ffb06970000 - 0x00007ffb06a68000 	C:\WINDOWS\System32\ucrtbase.dll
0x00007ffaf8350000 - 0x00007ffaf8368000 	C:\Program Files\Java\jdk-12.0.2\bin\jli.dll
0x00007ffb09ab0000 - 0x00007ffb09b51000 	C:\WINDOWS\System32\ADVAPI32.dll
0x00007ffb09a10000 - 0x00007ffb09aae000 	C:\WINDOWS\System32\msvcrt.dll
0x00007ffb07e80000 - 0x00007ffb07edb000 	C:\WINDOWS\System32\sechost.dll
0x00007ffb09d00000 - 0x00007ffb09e24000 	C:\WINDOWS\System32\RPCRT4.dll
0x00007ffb07ee0000 - 0x00007ffb08070000 	C:\WINDOWS\System32\USER32.dll
0x00007ffb07970000 - 0x00007ffb07990000 	C:\WINDOWS\System32\win32u.dll
0x00007ffb0a550000 - 0x00007ffb0a578000 	C:\WINDOWS\System32\GDI32.dll
0x00007ffb07750000 - 0x00007ffb078e1000 	C:\WINDOWS\System32\gdi32full.dll
0x00007ffb07990000 - 0x00007ffb07a2f000 	C:\WINDOWS\System32\msvcp_win.dll
0x00007ffaf8120000 - 0x00007ffaf8136000 	C:\Program Files\Java\jdk-12.0.2\bin\VCRUNTIME140.dll
0x00007ffaff140000 - 0x00007ffaff3a9000 	C:\WINDOWS\WinSxS\amd64_microsoft.windows.common-controls_6595b64144ccf1df_6.0.17134.1006_none_d3fbb8f77c940c3f\COMCTL32.dll
0x00007ffb09630000 - 0x00007ffb09951000 	C:\WINDOWS\System32\combase.dll
0x00007ffb078f0000 - 0x00007ffb07969000 	C:\WINDOWS\System32\bcryptPrimitives.dll
0x00007ffb01de0000 - 0x00007ffb01dea000 	C:\WINDOWS\SYSTEM32\VERSION.dll
0x00007ffb09fb0000 - 0x00007ffb09fdd000 	C:\WINDOWS\System32\IMM32.DLL
0x00007ffae44b0000 - 0x00007ffae455a000 	C:\Program Files\Java\jdk-12.0.2\bin\msvcp140.dll
0x00007ffade4a0000 - 0x00007ffadf017000 	C:\Program Files\Java\jdk-12.0.2\bin\server\jvm.dll
0x00007ffb09a00000 - 0x00007ffb09a08000 	C:\WINDOWS\System32\PSAPI.DLL
0x00007ffaf89e0000 - 0x00007ffaf89e9000 	C:\WINDOWS\SYSTEM32\WSOCK32.dll
0x00007ffb0a320000 - 0x00007ffb0a38c000 	C:\WINDOWS\System32\WS2_32.dll
0x00007ffb03e70000 - 0x00007ffb03e93000 	C:\WINDOWS\SYSTEM32\WINMM.dll
0x00007ffb03e40000 - 0x00007ffb03e6a000 	C:\WINDOWS\SYSTEM32\WINMMBASE.dll
0x00007ffb07700000 - 0x00007ffb07749000 	C:\WINDOWS\System32\cfgmgr32.dll
0x00007ffb068b0000 - 0x00007ffb068c1000 	C:\WINDOWS\System32\kernel.appcore.dll
0x00007ffb03da0000 - 0x00007ffb03db1000 	C:\Program Files\Java\jdk-12.0.2\bin\verify.dll
0x00007ffafa430000 - 0x00007ffafa5f9000 	C:\WINDOWS\SYSTEM32\DBGHELP.DLL
0x00007ffafa400000 - 0x00007ffafa429000 	C:\WINDOWS\SYSTEM32\dbgcore.DLL
0x00007ffb03d40000 - 0x00007ffb03d66000 	C:\Program Files\Java\jdk-12.0.2\bin\java.dll
0x00007ffaf8150000 - 0x00007ffaf815e000 	C:\Program Files\Java\jdk-12.0.2\bin\instrument.dll
0x00007ffb03d80000 - 0x00007ffb03d97000 	C:\Program Files\Java\jdk-12.0.2\bin\zip.dll
0x00007ffb03d30000 - 0x00007ffb03d3a000 	C:\Program Files\Java\jdk-12.0.2\bin\jimage.dll
0x00007ffb081c0000 - 0x00007ffb09602000 	C:\WINDOWS\System32\SHELL32.dll
0x00007ffb0a270000 - 0x00007ffb0a319000 	C:\WINDOWS\System32\shcore.dll
0x00007ffb06c60000 - 0x00007ffb0736e000 	C:\WINDOWS\System32\windows.storage.dll
0x00007ffb0a4f0000 - 0x00007ffb0a541000 	C:\WINDOWS\System32\shlwapi.dll
0x00007ffb06940000 - 0x00007ffb0695f000 	C:\WINDOWS\System32\profapi.dll
0x00007ffb068f0000 - 0x00007ffb0693c000 	C:\WINDOWS\System32\powrprof.dll
0x00007ffb06960000 - 0x00007ffb0696a000 	C:\WINDOWS\System32\FLTLIB.DLL
0x00007ffb03d10000 - 0x00007ffb03d29000 	C:\Program Files\Java\jdk-12.0.2\bin\net.dll
0x00007ffafaa90000 - 0x00007ffafab6d000 	C:\WINDOWS\SYSTEM32\WINHTTP.dll
0x00007ffaffed0000 - 0x00007ffb0009a000 	C:\WINDOWS\SYSTEM32\urlmon.dll
0x00007ffafaf40000 - 0x00007ffafb1e7000 	C:\WINDOWS\SYSTEM32\iertutil.dll
0x00007ffb062a0000 - 0x00007ffb062ab000 	C:\WINDOWS\SYSTEM32\CRYPTBASE.DLL
0x00007ffb060d0000 - 0x00007ffb06136000 	C:\WINDOWS\system32\mswsock.dll
0x00007ffafc550000 - 0x00007ffafc563000 	C:\Program Files\Java\jdk-12.0.2\bin\nio.dll
0x00007ffaf80f0000 - 0x00007ffaf810a000 	C:\Program Files\JetBrains\IntelliJ IDEA Community Edition 2019.2\bin\breakgen64.dll
0x00007ffaf80e0000 - 0x00007ffaf80e9000 	C:\Program Files\Java\jdk-12.0.2\bin\management.dll
0x00007ffaf80d0000 - 0x00007ffaf80dc000 	C:\Program Files\Java\jdk-12.0.2\bin\management_ext.dll
0x00007ffaf67c0000 - 0x00007ffaf67d6000 	C:\WINDOWS\system32\napinsp.dll
0x00007ffaf67a0000 - 0x00007ffaf67ba000 	C:\WINDOWS\system32\pnrpnsp.dll
0x00007ffb03ce0000 - 0x00007ffb03cf9000 	C:\WINDOWS\system32\NLAapi.dll
0x00007ffb05e70000 - 0x00007ffb05f2e000 	C:\WINDOWS\SYSTEM32\DNSAPI.dll
0x00007ffb08150000 - 0x00007ffb08158000 	C:\WINDOWS\System32\NSI.dll
0x00007ffb05e20000 - 0x00007ffb05e58000 	C:\WINDOWS\SYSTEM32\IPHLPAPI.DLL
0x00007ffaf6790000 - 0x00007ffaf679e000 	C:\WINDOWS\System32\winrnr.dll
0x00007ffafa3f0000 - 0x00007ffafa3fa000 	C:\Windows\System32\rasadhlp.dll
0x00007ffafaa10000 - 0x00007ffafaa82000 	C:\WINDOWS\System32\fwpuclnt.dll
0x00007ffb063b0000 - 0x00007ffb063d5000 	C:\WINDOWS\SYSTEM32\bcrypt.dll
0x00007ffb06280000 - 0x00007ffb06297000 	C:\WINDOWS\SYSTEM32\CRYPTSP.dll
0x00007ffb05c80000 - 0x00007ffb05cb3000 	C:\WINDOWS\system32\rsaenh.dll
0x00007ffb067b0000 - 0x00007ffb067d8000 	C:\WINDOWS\SYSTEM32\USERENV.dll
0x00007ffb02520000 - 0x00007ffb02536000 	C:\WINDOWS\SYSTEM32\dhcpcsvc6.DLL
0x00007ffb02630000 - 0x00007ffb0264a000 	C:\WINDOWS\SYSTEM32\dhcpcsvc.DLL
0x00007ffaf8420000 - 0x00007ffaf8447000 	C:\Program Files\Java\jdk-12.0.2\bin\sunec.dll
0x00007ffb044a0000 - 0x00007ffb044ae000 	C:\Program Files\Java\jdk-12.0.2\bin\sunmscapi.dll
0x00007ffb06a70000 - 0x00007ffb06c52000 	C:\WINDOWS\System32\CRYPT32.dll
0x00007ffb068d0000 - 0x00007ffb068e2000 	C:\WINDOWS\System32\MSASN1.dll
0x00007ffb06380000 - 0x00007ffb063a6000 	C:\WINDOWS\SYSTEM32\ncrypt.dll
0x00007ffb06340000 - 0x00007ffb06376000 	C:\WINDOWS\SYSTEM32\NTASN1.dll

dbghelp: loaded successfully - version: 4.0.5 - missing functions: none
symbol engine: initialized successfully - sym options: 0x614 - pdb path: .;C:\Program Files\Java\jdk-12.0.2\bin;C:\WINDOWS\SYSTEM32;C:\WINDOWS\WinSxS\amd64_microsoft.windows.common-controls_6595b64144ccf1df_6.0.17134.1006_none_d3fbb8f77c940c3f;C:\Program Files\Java\jdk-12.0.2\bin\server;C:\Program Files\JetBrains\IntelliJ IDEA Community Edition 2019.2\bin

VM Arguments:
jvm_args: -javaagent:C:\Program Files\JetBrains\IntelliJ IDEA Community Edition 2019.2\lib\idea_rt.jar=51071:C:\Program Files\JetBrains\IntelliJ IDEA Community Edition 2019.2\bin -Dfile.encoding=UTF-8 
java_command: konst.Application
java_class_path (initial): C:\MavenProject\java\project\konst\target\classes;C:\Users\константин\.m2\repository\org\springframework\boot\spring-boot-starter-web\2.1.6.RELEASE\spring-boot-starter-web-2.1.6.RELEASE.jar;C:\Users\константин\.m2\repository\org\springframework\boot\spring-boot-starter\2.1.6.RELEASE\spring-boot-starter-2.1.6.RELEASE.jar;C:\Users\константин\.m2\repository\org\springframework\boot\spring-boot-starter-logging\2.1.6.RELEASE\spring-boot-starter-logging-2.1.6.RELEASE.jar;C:\Users\константин\.m2\repository\ch\qos\logback\logback-classic\1.2.3\logback-classic-1.2.3.jar;C:\Users\константин\.m2\repository\ch\qos\logback\logback-core\1.2.3\logback-core-1.2.3.jar;C:\Users\константин\.m2\repository\org\apache\logging\log4j\log4j-to-slf4j\2.11.2\log4j-to-slf4j-2.11.2.jar;C:\Users\константин\.m2\repository\org\apache\logging\log4j\log4j-api\2.11.2\log4j-api-2.11.2.jar;C:\Users\константин\.m2\repository\org\slf4j\jul-to-slf4j\1.7.26\jul-to-slf4j-1.7.26.jar;C:\Users\константин\.m2\repository\javax\annotation\javax.annotation-api\1.3.2\javax.annotation-api-1.3.2.jar;C:\Users\константин\.m2\repository\org\springframework\spring-core\5.1.8.RELEASE\spring-core-5.1.8.RELEASE.jar;C:\Users\константин\.m2\repository\org\springframework\spring-jcl\5.1.8.RELEASE\spring-jcl-5.1.8.RELEASE.jar;C:\Users\константин\.m2\repository\org\yaml\snakeyaml\1.23\snakeyaml-1.23.jar;C:\Users\константин\.m2\repository\org\springframework\boot\spring-boot-starter-json\2.1.6.RELEASE\spring-boot-starter-json-2.1.6.RELEASE.jar;C:\Users\константин\.m2\repository\com\fasterxml\jackson\core\jackson-databind\2.9.9\jackson-databind-2.9.9.jar;C:\Users\константин\.m2\repository\com\fasterxml\jackson\core\jackson-annotations\2.9.0\jackson-annotations-2.9.0.jar;C:\Users\константин\.m2\repository\com\fasterxml\jackson\core\jackson-core\2.9.9\jackson-core-2.9.9.jar;C:\Users\константин\.m2\repository\com\fasterxml\jackson\datatype\jackson-datatype-jdk8\2.9.9\jackson-datatype-jdk8-2.9.9.jar;C:\Use
Launcher Type: SUN_STANDARD

[Global flags]
     intx CICompilerCount                          = 3                                         {product} {ergonomic}
     uint ConcGCThreads                            = 1                                         {product} {ergonomic}
     uint G1ConcRefinementThreads                  = 4                                         {product} {ergonomic}
   size_t G1HeapRegionSize                         = 1048576                                   {product} {ergonomic}
    uintx GCDrainStackTargetSize                   = 64                                        {product} {ergonomic}
   size_t InitialHeapSize                          = 134217728                                 {product} {ergonomic}
   size_t MarkStackSize                            = 4194304                                   {product} {ergonomic}
   size_t MaxHeapSize                              = 2147483648                                {product} {ergonomic}
   size_t MaxNewSize                               = 1287651328                                {product} {ergonomic}
   size_t MinHeapDeltaBytes                        = 1048576                                   {product} {ergonomic}
    uintx NonNMethodCodeHeapSize                   = 5830732                                {pd product} {ergonomic}
    uintx NonProfiledCodeHeapSize                  = 122913754                              {pd product} {ergonomic}
    uintx ProfiledCodeHeapSize                     = 122913754                              {pd product} {ergonomic}
    uintx ReservedCodeCacheSize                    = 251658240                              {pd product} {ergonomic}
     bool SegmentedCodeCache                       = true                                      {product} {ergonomic}
     bool UseCompressedClassPointers               = true                                 {lp64_product} {ergonomic}
     bool UseCompressedOops                        = true                                 {lp64_product} {ergonomic}
     bool UseG1GC                                  = true                                      {product} {ergonomic}
     bool UseLargePagesIndividualAllocation        = false                                  {pd product} {ergonomic}

Logging:
Log output configuration:
 #0: stdout all=warning uptime,level,tags
 #1: stderr all=off uptime,level,tags

Environment Variables:
JAVA_HOME=C:\Program Files\Java\jdk-12.0.2
PATH=C:\Program Files (x86)\PC Connectivity Solution\;C:\WINDOWS\system32;C:\WINDOWS;C:\WINDOWS\System32\Wbem;C:\WINDOWS\System32\WindowsPowerShell\v1.0\;C:\Program Files (x86)\Common Files\Acronis\SnapAPI\;C:\Program Files\Java\jdk1.8.0_111\bin;C:\Program Files (x86)\NVIDIA Corporation\PhysX\Common;C:\WINDOWS\system32;C:\WINDOWS;C:\WINDOWS\System32\Wbem;C:\WINDOWS\System32\WindowsPowerShell\v1.0\;C:\Program Files (x86)\Skype\Phone\;C:\WINDOWS\System32\OpenSSH\;C:\Program Files\Git\cmd;C:\maven\apache-maven-3.6.1\bin;C:\maven\apache-maven-3.6.1\bin;C:\Program Files\Java\jdk-12.0.2\bin
USERNAME=константин
OS=Windows_NT
PROCESSOR_IDENTIFIER=AMD64 Family 16 Model 4 Stepping 3, AuthenticAMD



---------------  S Y S T E M  ---------------

OS: Windows 10 , 64 bit Build 17134 (10.0.17134.753)

CPU:total 4 (initial active 4) (4 cores per cpu, 1 threads per core) family 16 model 4 stepping 3, cmov, cx8, fxsr, mmx, sse, sse2, sse3, popcnt, mmxext, 3dnowpref, lzcnt, sse4a, tsc, tscinvbit, tscinv

Memory: 4k page, system-wide physical 8189M (2021M free)
TotalPageFile size 10189M (AvailPageFile size 8M)
current process WorkingSet (physical memory assigned to process): 267M, peak: 271M
current process commit charge ("private bytes"): 294M, peak: 300M

vm_info: Java HotSpot(TM) 64-Bit Server VM (12.0.2+10) for windows-amd64 JRE (12.0.2+10), built on Jul 16 2019 01:56:17 by "mach5one" with MS VC++ 15.5 (VS2017)

END.
