#
# There is insufficient memory for the Java Runtime Environment to continue.
# Native memory allocation (mmap) failed to map 14680064 bytes for Failed to commit area from 0x0000000084500000 to 0x0000000085300000 of length 14680064.
# Possible reasons:
#   The system is out of physical RAM or swap space
#   The process is running with CompressedOops enabled, and the Java Heap may be blocking the growth of the native heap
# Possible solutions:
#   Reduce memory load on the system
#   Increase physical memory or swap space
#   Check if swap backing store is full
#   Decrease Java heap size (-Xmx/-Xms)
#   Decrease number of Java threads
#   Decrease Java thread stack sizes (-Xss)
#   Set larger code cache with -XX:ReservedCodeCacheSize=
#   JVM is running with Unscaled Compressed Oops mode in which the Java heap is
#     placed in the first 4GB address space. The Java Heap base address is the
#     maximum limit for the native heap growth. Please use -XX:HeapBaseMinAddress
#     to set the Java Heap base and to place the Java Heap above 4GB virtual address.
# This output file may be truncated or incomplete.
#
#  Out of Memory Error (t:/workspace/open/src/hotspot/os/windows/os_windows.cpp:3264), pid=10760, tid=13100
#
# JRE version: Java(TM) SE Runtime Environment (12.0.2+10) (build 12.0.2+10)
# Java VM: Java HotSpot(TM) 64-Bit Server VM (12.0.2+10, mixed mode, sharing, tiered, compressed oops, g1 gc, windows-amd64)
# No core dump will be written. Minidumps are not enabled by default on client versions of Windows
#

---------------  S U M M A R Y ------------

Command Line: -javaagent:C:\Program Files\JetBrains\IntelliJ IDEA Community Edition 2019.2\lib\idea_rt.jar=51109:C:\Program Files\JetBrains\IntelliJ IDEA Community Edition 2019.2\bin -Dfile.encoding=UTF-8 konst.Application

Host: AMD Phenom(tm) II X4 945 Processor, 4 cores, 7G,  Windows 10 , 64 bit Build 17134 (10.0.17134.753)
Time: Thu Sep 19 01:31:06 2019 RTZ 2 (ceia) elapsed time: 24 seconds (0d 0h 0m 24s)

---------------  T H R E A D  ---------------

Current thread (0x000001dce1fbf800):  VMThread "VM Thread" [stack: 0x000000c018500000,0x000000c018600000] [id=13100]

Stack: [0x000000c018500000,0x000000c018600000]
[error occurred during error reporting (printing stack bounds), id 0xc0000005, EXCEPTION_ACCESS_VIOLATION (0xc0000005) at pc=0x000001dccbf00bbd]

Native frames: (J=compiled Java code, j=interpreted, Vv=VM code, C=native code)
V  [jvm.dll+0x63aa2a]
V  [jvm.dll+0x78ce1e]
V  [jvm.dll+0x78e4c1]
V  [jvm.dll+0x78ea75]
V  [jvm.dll+0x78ea2b]
V  [jvm.dll+0x63a134]
V  [jvm.dll+0x63a4f8]
C  [ntdll.dll+0x9f7dd]
C  [ntdll.dll+0xd856]
C  [ntdll.dll+0x9e70e]
C  0x000001dccbf00bbd

VM_Operation (0x000000c01a2f4340): G1CollectForAllocation, mode: safepoint, requested by thread 0x000001dce8bcc000


---------------  P R O C E S S  ---------------

Threads class SMR info:
_java_thread_list=0x000001dce45b95a0, length=32, elements={
0x000001dce1fc7800, 0x000001dce1fcd000, 0x000001dce1fe5000, 0x000001dce1fe7000,
0x000001dce1fea000, 0x000001dce1fee000, 0x000001dce201c000, 0x000001dce2a26800,
0x000001dce2ced000, 0x000001dce2cee000, 0x000001dce72b9800, 0x000001dce3841000,
0x000001dce3db8000, 0x000001dce3d95800, 0x000001dce8aae800, 0x000001dce8bc8800,
0x000001dce8bc6000, 0x000001dce8bcb000, 0x000001dce8bcc800, 0x000001dce8bcc000,
0x000001dce8bc7000, 0x000001dce8bc8000, 0x000001dce8bc9800, 0x000001dce8bca800,
0x000001dce8d29000, 0x000001dce8d25800, 0x000001dce8d27800, 0x000001dce8d26800,
0x000001dce8d28000, 0x000001dce8d29800, 0x000001dce8d24000, 0x000001dce2d53000
}

Java Threads: ( => current thread )
  0x000001dce1fc7800 JavaThread "Reference Handler" daemon [_thread_blocked, id=9924, stack(0x000000c018600000,0x000000c018700000)]
  0x000001dce1fcd000 JavaThread "Finalizer" daemon [_thread_blocked, id=9976, stack(0x000000c018700000,0x000000c018800000)]
  0x000001dce1fe5000 JavaThread "Signal Dispatcher" daemon [_thread_blocked, id=11756, stack(0x000000c018800000,0x000000c018900000)]
  0x000001dce1fe7000 JavaThread "Attach Listener" daemon [_thread_blocked, id=14088, stack(0x000000c018900000,0x000000c018a00000)]
  0x000001dce1fea000 JavaThread "C2 CompilerThread0" daemon [_thread_blocked, id=4296, stack(0x000000c018a00000,0x000000c018b00000)]
  0x000001dce1fee000 JavaThread "C1 CompilerThread0" daemon [_thread_blocked, id=2552, stack(0x000000c018b00000,0x000000c018c00000)]
  0x000001dce201c000 JavaThread "Sweeper thread" daemon [_thread_blocked, id=13956, stack(0x000000c018c00000,0x000000c018d00000)]
  0x000001dce2a26800 JavaThread "Common-Cleaner" daemon [_thread_blocked, id=6612, stack(0x000000c018d00000,0x000000c018e00000)]
  0x000001dce2ced000 JavaThread "Monitor Ctrl-Break" daemon [_thread_in_native, id=8308, stack(0x000000c018f00000,0x000000c019000000)]
  0x000001dce2cee000 JavaThread "Service Thread" daemon [_thread_blocked, id=396, stack(0x000000c019000000,0x000000c019100000)]
  0x000001dce72b9800 JavaThread "Catalina-utility-1" [_thread_blocked, id=2216, stack(0x000000c019700000,0x000000c019800000)]
  0x000001dce3841000 JavaThread "Catalina-utility-2" [_thread_blocked, id=9936, stack(0x000000c019800000,0x000000c019900000)]
  0x000001dce3db8000 JavaThread "container-0" [_thread_blocked, id=14620, stack(0x000000c019900000,0x000000c019a00000)]
  0x000001dce3d95800 JavaThread "mysql-cj-abandoned-connection-cleanup" daemon [_thread_blocked, id=8256, stack(0x000000c019a00000,0x000000c019b00000)]
  0x000001dce8aae800 JavaThread "HikariPool-1 housekeeper" daemon [_thread_blocked, id=13732, stack(0x000000c019c00000,0x000000c019d00000)]
  0x000001dce8bc8800 JavaThread "Live Reload Server" daemon [_thread_in_native, id=14216, stack(0x000000c019f00000,0x000000c01a000000)]
  0x000001dce8bc6000 JavaThread "File Watcher" daemon [_thread_blocked, id=9256, stack(0x000000c019e00000,0x000000c019f00000)]
  0x000001dce8bcb000 JavaThread "http-nio-8080-BlockPoller" daemon [_thread_in_native, id=10404, stack(0x000000c01a000000,0x000000c01a100000)]
  0x000001dce8bcc800 JavaThread "http-nio-8080-exec-1" daemon [_thread_blocked, id=7588, stack(0x000000c01a100000,0x000000c01a200000)]
  0x000001dce8bcc000 JavaThread "http-nio-8080-exec-2" daemon [_thread_blocked, id=4704, stack(0x000000c01a200000,0x000000c01a300000)]
  0x000001dce8bc7000 JavaThread "http-nio-8080-exec-3" daemon [_thread_blocked, id=11368, stack(0x000000c01a300000,0x000000c01a400000)]
  0x000001dce8bc8000 JavaThread "http-nio-8080-exec-4" daemon [_thread_blocked, id=13528, stack(0x000000c01a400000,0x000000c01a500000)]
  0x000001dce8bc9800 JavaThread "http-nio-8080-exec-5" daemon [_thread_blocked, id=14640, stack(0x000000c01a500000,0x000000c01a600000)]
  0x000001dce8bca800 JavaThread "http-nio-8080-exec-6" daemon [_thread_blocked, id=8280, stack(0x000000c01a600000,0x000000c01a700000)]
  0x000001dce8d29000 JavaThread "http-nio-8080-exec-7" daemon [_thread_blocked, id=12892, stack(0x000000c01a700000,0x000000c01a800000)]
  0x000001dce8d25800 JavaThread "http-nio-8080-exec-8" daemon [_thread_blocked, id=12520, stack(0x000000c01a800000,0x000000c01a900000)]
  0x000001dce8d27800 JavaThread "http-nio-8080-exec-9" daemon [_thread_blocked, id=12912, stack(0x000000c01a900000,0x000000c01aa00000)]
  0x000001dce8d26800 JavaThread "http-nio-8080-exec-10" daemon [_thread_blocked, id=11480, stack(0x000000c01aa00000,0x000000c01ab00000)]
  0x000001dce8d28000 JavaThread "http-nio-8080-ClientPoller" daemon [_thread_in_native, id=7944, stack(0x000000c01ab00000,0x000000c01ac00000)]
  0x000001dce8d29800 JavaThread "http-nio-8080-Acceptor" daemon [_thread_in_native, id=11928, stack(0x000000c01ac00000,0x000000c01ad00000)]
  0x000001dce8d24000 JavaThread "DestroyJavaVM" [_thread_blocked, id=14668, stack(0x000000c017f00000,0x000000c018000000)]
  0x000001dce2d53000 JavaThread "C2 CompilerThread1" daemon [_thread_blocked, id=9492, stack(0x000000c018e00000,0x000000c018f00000)]

Other Threads:
=>0x000001dce1fbf800 VMThread "VM Thread" [stack: 0x000000c018500000,0x000000c018600000] [id=13100]
  0x000001dce2cee800 WatcherThread [stack: 0x000000c019100000,0x000000c019200000] [id=1404]
  0x000001dcc1aec800 GCTaskThread "GC Thread#0" [stack: 0x000000c018000000,0x000000c018100000] [id=4652]
  0x000001dce3051000 GCTaskThread "GC Thread#1" [stack: 0x000000c019200000,0x000000c019300000] [id=10576]
  0x000001dce309a000 GCTaskThread "GC Thread#2" [stack: 0x000000c019300000,0x000000c019400000] [id=12644]
  0x000001dce3984000 GCTaskThread "GC Thread#3" [stack: 0x000000c019600000,0x000000c019700000] [id=14084]
  0x000001dcc3b4e800 ConcurrentGCThread "G1 Main Marker" [stack: 0x000000c018100000,0x000000c018200000] [id=4372]
  0x000001dcc3b51000 ConcurrentGCThread "G1 Conc#0" [stack: 0x000000c018200000,0x000000c018300000] [id=11528]
  0x000001dcc3bce800 ConcurrentGCThread "G1 Refine#0" [stack: 0x000000c018300000,0x000000c018400000] [id=6580]
  0x000001dce1e40800 ConcurrentGCThread "G1 Young RemSet Sampling" [stack: 0x000000c018400000,0x000000c018500000] [id=5124]

Threads with active compile tasks:
C2 CompilerThread0  5445       4       org.springframework.core.annotation.AnnotatedElementUtils::searchWithGetSemanticsInAnnotations (342 bytes)
C2 CompilerThread1  5454   !   4       org.springframework.core.annotation.AnnotatedElementUtils::searchWithFindSemantics (774 bytes)

VM state:at safepoint (normal execution)

VM Mutex/Monitor currently owned by a thread:  ([mutex/lock_event])
[0x000001dcc3b01de0] Threads_lock - owner thread: 0x000001dce1fbf800
[0x000001dcc3b01b10] Heap_lock - owner thread: 0x000001dce8bcc000

Heap address: 0x0000000080000000, size: 2048 MB, Compressed Oops mode: 32-bit
Narrow klass base: 0x0000000800000000, Narrow klass shift: 3
Compressed class space size: 1073741824 Address: 0x0000000801190000

Heap:
 garbage-first heap   total 86016K, used 31241K [0x0000000080000000, 0x0000000100000000)
  region size 1024K, 3 young (3072K), 3 survivors (3072K)
 Metaspace       used 60370K, capacity 61814K, committed 62080K, reserved 1103872K
  class space    used 7922K, capacity 8471K, committed 8576K, reserved 1048576K
Heap Regions: E=young(eden), S=young(survivor), O=old, HS=humongous(starts), HC=humongous(continues), CS=collection set, F=free, A=archive, TAMS=top-at-mark-start (previous, next)
|   0|0x0000000080000000, 0x0000000080100000, 0x0000000080100000|100%|HS|  |TAMS 0x0000000080100000, 0x0000000080000000| Complete 
|   1|0x0000000080100000, 0x0000000080200000, 0x0000000080200000|100%| O|  |TAMS 0x0000000080200000, 0x0000000080100000| Untracked 
|   2|0x0000000080200000, 0x0000000080300000, 0x0000000080300000|100%| O|  |TAMS 0x0000000080300000, 0x0000000080200000| Untracked 
|   3|0x0000000080300000, 0x00000000803af600, 0x0000000080400000| 68%| O|  |TAMS 0x00000000803af600, 0x0000000080300000| Untracked 
|   4|0x0000000080400000, 0x0000000080500000, 0x0000000080500000|100%| O|  |TAMS 0x0000000080500000, 0x0000000080400000| Untracked 
|   5|0x0000000080500000, 0x0000000080600000, 0x0000000080600000|100%| O|  |TAMS 0x0000000080600000, 0x0000000080500000| Untracked 
|   6|0x0000000080600000, 0x0000000080700000, 0x0000000080700000|100%| O|  |TAMS 0x0000000080700000, 0x0000000080600000| Untracked 
|   7|0x0000000080700000, 0x0000000080800000, 0x0000000080800000|100%| O|  |TAMS 0x0000000080800000, 0x0000000080700000| Untracked 
|   8|0x0000000080800000, 0x0000000080900000, 0x0000000080900000|100%| O|  |TAMS 0x0000000080900000, 0x0000000080800000| Untracked 
|   9|0x0000000080900000, 0x0000000080a00000, 0x0000000080a00000|100%| O|  |TAMS 0x0000000080a00000, 0x0000000080900000| Untracked 
|  10|0x0000000080a00000, 0x0000000080b00000, 0x0000000080b00000|100%| O|  |TAMS 0x0000000080b00000, 0x0000000080a00000| Untracked 
|  11|0x0000000080b00000, 0x0000000080c00000, 0x0000000080c00000|100%| O|  |TAMS 0x0000000080c00000, 0x0000000080b00000| Untracked 
|  12|0x0000000080c00000, 0x0000000080d00000, 0x0000000080d00000|100%| O|  |TAMS 0x0000000080d00000, 0x0000000080c00000| Untracked 
|  13|0x0000000080d00000, 0x0000000080e00000, 0x0000000080e00000|100%| O|  |TAMS 0x0000000080e00000, 0x0000000080d00000| Untracked 
|  14|0x0000000080e00000, 0x0000000080f00000, 0x0000000080f00000|100%| O|  |TAMS 0x0000000080f00000, 0x0000000080e00000| Untracked 
|  15|0x0000000080f00000, 0x0000000081000000, 0x0000000081000000|100%| O|  |TAMS 0x0000000081000000, 0x0000000080f00000| Untracked 
|  16|0x0000000081000000, 0x0000000081100000, 0x0000000081100000|100%| O|  |TAMS 0x00000000810d2800, 0x0000000081000000| Untracked 
|  17|0x0000000081100000, 0x0000000081200000, 0x0000000081200000|100%| O|  |TAMS 0x0000000081100000, 0x0000000081100000| Untracked 
|  18|0x0000000081200000, 0x0000000081300000, 0x0000000081300000|100%| O|  |TAMS 0x0000000081200000, 0x0000000081200000| Untracked 
|  19|0x0000000081300000, 0x0000000081400000, 0x0000000081400000|100%| O|  |TAMS 0x0000000081300000, 0x0000000081300000| Untracked 
|  20|0x0000000081400000, 0x0000000081500000, 0x0000000081500000|100%| O|  |TAMS 0x0000000081400000, 0x0000000081400000| Untracked 
|  21|0x0000000081500000, 0x0000000081600000, 0x0000000081600000|100%| O|  |TAMS 0x0000000081500000, 0x0000000081500000| Untracked 
|  22|0x0000000081600000, 0x0000000081700000, 0x0000000081700000|100%| O|  |TAMS 0x0000000081600000, 0x0000000081600000| Untracked 
|  23|0x0000000081700000, 0x0000000081800000, 0x0000000081800000|100%| O|  |TAMS 0x0000000081700000, 0x0000000081700000| Untracked 
|  24|0x0000000081800000, 0x0000000081900000, 0x0000000081900000|100%| O|  |TAMS 0x0000000081800000, 0x0000000081800000| Untracked 
|  25|0x0000000081900000, 0x0000000081a00000, 0x0000000081a00000|100%| O|  |TAMS 0x0000000081900000, 0x0000000081900000| Untracked 
|  26|0x0000000081a00000, 0x0000000081b00000, 0x0000000081b00000|100%| O|  |TAMS 0x0000000081a00000, 0x0000000081a00000| Untracked 
|  27|0x0000000081b00000, 0x0000000081c00000, 0x0000000081c00000|100%| O|  |TAMS 0x0000000081b00000, 0x0000000081b00000| Untracked 
|  28|0x0000000081c00000, 0x0000000081c20400, 0x0000000081d00000| 12%| O|  |TAMS 0x0000000081c00000, 0x0000000081c00000| Untracked 
|  29|0x0000000081d00000, 0x0000000081d00000, 0x0000000081e00000|  0%| F|  |TAMS 0x0000000081d00000, 0x0000000081d00000| Untracked 
|  30|0x0000000081e00000, 0x0000000081e00000, 0x0000000081f00000|  0%| F|  |TAMS 0x0000000081e00000, 0x0000000081e00000| Untracked 
|  31|0x0000000081f00000, 0x0000000081f00000, 0x0000000082000000|  0%| F|  |TAMS 0x0000000081f00000, 0x0000000081f00000| Untracked 
|  32|0x0000000082000000, 0x0000000082000000, 0x0000000082100000|  0%| F|  |TAMS 0x0000000082000000, 0x0000000082000000| Untracked 
|  33|0x0000000082100000, 0x0000000082100000, 0x0000000082200000|  0%| F|  |TAMS 0x0000000082100000, 0x0000000082100000| Untracked 
|  34|0x0000000082200000, 0x0000000082200000, 0x0000000082300000|  0%| F|  |TAMS 0x0000000082200000, 0x0000000082200000| Untracked 
|  35|0x0000000082300000, 0x0000000082300000, 0x0000000082400000|  0%| F|  |TAMS 0x0000000082300000, 0x0000000082300000| Untracked 
|  36|0x0000000082400000, 0x0000000082400000, 0x0000000082500000|  0%| F|  |TAMS 0x0000000082400000, 0x0000000082400000| Untracked 
|  37|0x0000000082500000, 0x0000000082500000, 0x0000000082600000|  0%| F|  |TAMS 0x0000000082500000, 0x0000000082500000| Untracked 
|  38|0x0000000082600000, 0x0000000082600000, 0x0000000082700000|  0%| F|  |TAMS 0x0000000082600000, 0x0000000082600000| Untracked 
|  39|0x0000000082700000, 0x0000000082700000, 0x0000000082800000|  0%| F|  |TAMS 0x0000000082700000, 0x0000000082700000| Untracked 
|  40|0x0000000082800000, 0x0000000082800000, 0x0000000082900000|  0%| F|  |TAMS 0x0000000082800000, 0x0000000082800000| Untracked 
|  41|0x0000000082900000, 0x00000000829b2b38, 0x0000000082a00000| 69%| S|CS|TAMS 0x0000000082900000, 0x0000000082900000| Complete 
|  42|0x0000000082a00000, 0x0000000082a00000, 0x0000000082b00000|  0%| F|  |TAMS 0x0000000082a00000, 0x0000000082a00000| Untracked 
|  43|0x0000000082b00000, 0x0000000082b00000, 0x0000000082c00000|  0%| F|  |TAMS 0x0000000082b00000, 0x0000000082b00000| Untracked 
|  44|0x0000000082c00000, 0x0000000082c00000, 0x0000000082d00000|  0%| F|  |TAMS 0x0000000082c00000, 0x0000000082c00000| Untracked 
|  45|0x0000000082d00000, 0x0000000082e00000, 0x0000000082e00000|100%| S|CS|TAMS 0x0000000082d00000, 0x0000000082d00000| Complete 
|  46|0x0000000082e00000, 0x0000000082f00000, 0x0000000082f00000|100%| S|CS|TAMS 0x0000000082e00000, 0x0000000082e00000| Complete 
|  47|0x0000000082f00000, 0x0000000082f00000, 0x0000000083000000|  0%| F|  |TAMS 0x0000000082f00000, 0x0000000082f00000| Untracked 
|  48|0x0000000083000000, 0x0000000083000000, 0x0000000083100000|  0%| F|  |TAMS 0x0000000083000000, 0x0000000083000000| Untracked 
|  49|0x0000000083100000, 0x0000000083100000, 0x0000000083200000|  0%| F|  |TAMS 0x0000000083100000, 0x0000000083100000| Untracked 
|  50|0x0000000083200000, 0x0000000083200000, 0x0000000083300000|  0%| F|  |TAMS 0x0000000083200000, 0x0000000083200000| Untracked 
|  51|0x0000000083300000, 0x0000000083300000, 0x0000000083400000|  0%| F|  |TAMS 0x0000000083300000, 0x0000000083300000| Untracked 
|  52|0x0000000083400000, 0x0000000083400000, 0x0000000083500000|  0%| F|  |TAMS 0x0000000083400000, 0x0000000083400000| Untracked 
|  53|0x0000000083500000, 0x0000000083500000, 0x0000000083600000|  0%| F|  |TAMS 0x0000000083500000, 0x0000000083500000| Untracked 
|  54|0x0000000083600000, 0x0000000083600000, 0x0000000083700000|  0%| F|  |TAMS 0x0000000083600000, 0x0000000083600000| Untracked 
|  55|0x0000000083700000, 0x0000000083700000, 0x0000000083800000|  0%| F|  |TAMS 0x0000000083700000, 0x0000000083700000| Untracked 
|  56|0x0000000083800000, 0x0000000083800000, 0x0000000083900000|  0%| F|  |TAMS 0x0000000083800000, 0x0000000083800000| Untracked 
|  57|0x0000000083900000, 0x0000000083900000, 0x0000000083a00000|  0%| F|  |TAMS 0x0000000083900000, 0x0000000083900000| Untracked 
|  58|0x0000000083a00000, 0x0000000083a00000, 0x0000000083b00000|  0%| F|  |TAMS 0x0000000083a00000, 0x0000000083a00000| Untracked 
|  59|0x0000000083b00000, 0x0000000083b00000, 0x0000000083c00000|  0%| F|  |TAMS 0x0000000083b00000, 0x0000000083b00000| Untracked 
|  60|0x0000000083c00000, 0x0000000083c00000, 0x0000000083d00000|  0%| F|  |TAMS 0x0000000083c00000, 0x0000000083c00000| Untracked 
|  61|0x0000000083d00000, 0x0000000083d00000, 0x0000000083e00000|  0%| F|  |TAMS 0x0000000083d00000, 0x0000000083d00000| Untracked 
|  62|0x0000000083e00000, 0x0000000083e00000, 0x0000000083f00000|  0%| F|  |TAMS 0x0000000083e00000, 0x0000000083e00000| Untracked 
|  63|0x0000000083f00000, 0x0000000083f00000, 0x0000000084000000|  0%| F|  |TAMS 0x0000000083f00000, 0x0000000083f00000| Untracked 
|  64|0x0000000084000000, 0x0000000084000000, 0x0000000084100000|  0%| F|  |TAMS 0x0000000084000000, 0x0000000084000000| Untracked 
|  65|0x0000000084100000, 0x0000000084100000, 0x0000000084200000|  0%| F|  |TAMS 0x0000000084100000, 0x0000000084100000| Untracked 
|  66|0x0000000084200000, 0x0000000084200000, 0x0000000084300000|  0%| F|  |TAMS 0x0000000084200000, 0x0000000084200000| Untracked 
|  67|0x0000000084300000, 0x0000000084300000, 0x0000000084400000|  0%| F|  |TAMS 0x0000000084300000, 0x0000000084300000| Untracked 
|  68|0x0000000084400000, 0x0000000084400000, 0x0000000084500000|  0%| F|  |TAMS 0x0000000084400000, 0x0000000084400000| Untracked 
| 127|0x0000000087f00000, 0x0000000087f00000, 0x0000000088000000|  0%| F|  |TAMS 0x0000000087f00000, 0x0000000087f00000| Untracked 

Card table byte_map: [0x000001dcdb300000,0x000001dcdb700000] _byte_map_base: 0x000001dcdaf00000

Marking Bits (Prev, Next): (CMBitMap*) 0x000001dcc1aed9c8, (CMBitMap*) 0x000001dcc1aed988
 Prev Bits: [0x000001dcddb00000, 0x000001dcdfb00000)
 Next Bits: [0x000001dcdbb00000, 0x000001dcddb00000)

Polling page: 0x000001dcc19b0000

Metaspace:

Usage:
  Non-class:     52.09 MB capacity,    51.22 MB ( 98%) used,   722.60 KB (  1%) free+waste,   172.13 KB ( <1%) overhead. 
      Class:      8.27 MB capacity,     7.74 MB ( 94%) used,   468.09 KB (  6%) free+waste,    80.19 KB ( <1%) overhead. 
       Both:     60.37 MB capacity,    58.96 MB ( 98%) used,     1.16 MB (  2%) free+waste,   252.31 KB ( <1%) overhead. 

Virtual space:
  Non-class space:       54.00 MB reserved,      52.25 MB ( 97%) committed 
      Class space:        1.00 GB reserved,       8.38 MB ( <1%) committed 
             Both:        1.05 GB reserved,      60.63 MB (  6%) committed 

Chunk freelists:
   Non-Class:  4.13 KB
       Class:  1.13 KB
        Both:  5.25 KB

CodeHeap 'non-profiled nmethods': size=120064Kb used=2755Kb max_used=2755Kb free=117308Kb
 bounds [0x000001dcd39c0000, 0x000001dcd3c80000, 0x000001dcdaf00000]
CodeHeap 'profiled nmethods': size=120000Kb used=11330Kb max_used=11330Kb free=108669Kb
 bounds [0x000001dccc490000, 0x000001dcccfb0000, 0x000001dcd39c0000]
CodeHeap 'non-nmethods': size=5696Kb used=1263Kb max_used=1302Kb free=4432Kb
 bounds [0x000001dccbf00000, 0x000001dccc170000, 0x000001dccc490000]
 total_blobs=7352 nmethods=4750 adapters=549
 compilation: enabled
              stopped_count=0, restarted_count=0
 full_count=0

Compilation events (10 events):
Event: 24.300 Thread 0x000001dce1fee000 5462       3       antlr.CharScanner::LA (35 bytes)
Event: 24.301 Thread 0x000001dce1fee000 nmethod 5462 0x000001dcccfab390 code [0x000001dcccfab5e0, 0x000001dcccfabfa0]
Event: 24.301 Thread 0x000001dce1fee000 5464       3       antlr.CharQueue::elementAt (17 bytes)
Event: 24.301 Thread 0x000001dce1fee000 nmethod 5464 0x000001dcccfac310 code [0x000001dcccfac4c0, 0x000001dcccfac678]
Event: 24.302 Thread 0x000001dce1fee000 5465       3       java.util.regex.Pattern$BmpCharProperty::match (55 bytes)
Event: 24.303 Thread 0x000001dce1fee000 nmethod 5465 0x000001dcccfac790 code [0x000001dcccfac980, 0x000001dcccfaceb0]
Event: 24.303 Thread 0x000001dce1fee000 5467       3       java.util.ArrayDeque::dec (13 bytes)
Event: 24.303 Thread 0x000001dce1fee000 nmethod 5467 0x000001dcccfad010 code [0x000001dcccfad1c0, 0x000001dcccfad338]
Event: 24.303 Thread 0x000001dce1fee000 5466       3       java.util.regex.Pattern$Ques::match (196 bytes)
Event: 24.304 Thread 0x000001dce1fee000 nmethod 5466 0x000001dcccfad410 code [0x000001dcccfad6a0, 0x000001dcccfae4e0]

GC Heap History (10 events):
Event: 7.520 GC heap after
{Heap after GC invocations=22 (full 0):
 garbage-first heap   total 71680K, used 25677K [0x0000000080000000, 0x0000000100000000)
  region size 1024K, 2 young (2048K), 2 survivors (2048K)
 Metaspace       used 46581K, capacity 47613K, committed 47872K, reserved 1091584K
  class space    used 5988K, capacity 6364K, committed 6400K, reserved 1048576K
}
Event: 7.927 GC heap before
{Heap before GC invocations=22 (full 0):
 garbage-first heap   total 71680K, used 47181K [0x0000000080000000, 0x0000000100000000)
  region size 1024K, 23 young (23552K), 2 survivors (2048K)
 Metaspace       used 49879K, capacity 50930K, committed 51200K, reserved 1093632K
  class space    used 6519K, capacity 6892K, committed 6912K, reserved 1048576K
}
Event: 7.930 GC heap after
{Heap after GC invocations=23 (full 0):
 garbage-first heap   total 71680K, used 26174K [0x0000000080000000, 0x0000000100000000)
  region size 1024K, 2 young (2048K), 2 survivors (2048K)
 Metaspace       used 49879K, capacity 50930K, committed 51200K, reserved 1093632K
  class space    used 6519K, capacity 6892K, committed 6912K, reserved 1048576K
}
Event: 8.415 GC heap before
{Heap before GC invocations=23 (full 0):
 garbage-first heap   total 71680K, used 49726K [0x0000000080000000, 0x0000000100000000)
  region size 1024K, 25 young (25600K), 2 survivors (2048K)
 Metaspace       used 52727K, capacity 53817K, committed 54016K, reserved 1095680K
  class space    used 6930K, capacity 7365K, committed 7424K, reserved 1048576K
}
Event: 8.420 GC heap after
{Heap after GC invocations=24 (full 0):
 garbage-first heap   total 71680K, used 27322K [0x0000000080000000, 0x0000000100000000)
  region size 1024K, 3 young (3072K), 3 survivors (3072K)
 Metaspace       used 52727K, capacity 53817K, committed 54016K, reserved 1095680K
  class space    used 6930K, capacity 7365K, committed 7424K, reserved 1048576K
}
Event: 8.887 GC heap before
{Heap before GC invocations=24 (full 0):
 garbage-first heap   total 71680K, used 50874K [0x0000000080000000, 0x0000000100000000)
  region size 1024K, 26 young (26624K), 3 survivors (3072K)
 Metaspace       used 55401K, capacity 56690K, committed 56704K, reserved 1097728K
  class space    used 7290K, capacity 7794K, committed 7808K, reserved 1048576K
}
Event: 8.900 GC heap after
{Heap after GC invocations=25 (full 0):
 garbage-first heap   total 71680K, used 28761K [0x0000000080000000, 0x0000000100000000)
  region size 1024K, 4 young (4096K), 4 survivors (4096K)
 Metaspace       used 55401K, capacity 56690K, committed 56704K, reserved 1097728K
  class space    used 7290K, capacity 7794K, committed 7808K, reserved 1048576K
}
Event: 9.371 GC heap before
{Heap before GC invocations=25 (full 0):
 garbage-first heap   total 71680K, used 52313K [0x0000000080000000, 0x0000000100000000)
  region size 1024K, 27 young (27648K), 4 survivors (4096K)
 Metaspace       used 57128K, capacity 58463K, committed 58496K, reserved 1099776K
  class space    used 7528K, capacity 8038K, committed 8064K, reserved 1048576K
}
Event: 9.377 GC heap after
{Heap after GC invocations=26 (full 0):
 garbage-first heap   total 71680K, used 30339K [0x0000000080000000, 0x0000000100000000)
  region size 1024K, 4 young (4096K), 4 survivors (4096K)
 Metaspace       used 57128K, capacity 58463K, committed 58496K, reserved 1099776K
  class space    used 7528K, capacity 8038K, committed 8064K, reserved 1048576K
}
Event: 24.340 GC heap before
{Heap before GC invocations=26 (full 0):
 garbage-first heap   total 71680K, used 53891K [0x0000000080000000, 0x0000000100000000)
  region size 1024K, 27 young (27648K), 4 survivors (4096K)
 Metaspace       used 60370K, capacity 61814K, committed 62080K, reserved 1103872K
  class space    used 7922K, capacity 8471K, committed 8576K, reserved 1048576K
}

Deoptimization events (10 events):
Event: 10.504 Thread 0x000001dce8bc6000 Uncommon trap: reason=predicate action=maybe_recompile pc=0x000001dcd3bb1ac4 method=java.util.AbstractCollection.containsAll(Ljava/util/Collection;)Z @ 13 c2
Event: 10.706 Thread 0x000001dce3d95800 Uncommon trap: reason=unstable_if action=reinterpret pc=0x000001dcd3a8498c method=java.net.URL.<init>(Ljava/net/URL;Ljava/lang/String;Ljava/net/URLStreamHandler;)V @ 57 c2
Event: 10.707 Thread 0x000001dce3d95800 Uncommon trap: reason=unstable_if action=reinterpret pc=0x000001dcd3be7240 method=java.net.URLStreamHandler.parseURL(Ljava/net/URL;Ljava/lang/String;II)V @ 57 c2
Event: 24.158 Thread 0x000001dce8bcc000 Uncommon trap: reason=class_check action=maybe_recompile pc=0x000001dcd3c5ca8c method=org.springframework.core.annotation.AnnotatedElementUtils.searchWithFindSemantics(Ljava/lang/reflect/AnnotatedElement;Ljava/util/Set;Ljava/lang/String;Ljava/lang/Class;L
Event: 24.158 Thread 0x000001dce8bcc000 Uncommon trap: reason=class_check action=maybe_recompile pc=0x000001dcd3c5d608 method=org.springframework.core.annotation.AnnotatedElementUtils.searchWithFindSemantics(Ljava/lang/reflect/AnnotatedElement;Ljava/util/Set;Ljava/lang/String;Ljava/lang/Class;L
Event: 24.158 Thread 0x000001dce8bcc000 Uncommon trap: reason=class_check action=maybe_recompile pc=0x000001dcd3c5ca8c method=org.springframework.core.annotation.AnnotatedElementUtils.searchWithFindSemantics(Ljava/lang/reflect/AnnotatedElement;Ljava/util/Set;Ljava/lang/String;Ljava/lang/Class;L
Event: 24.158 Thread 0x000001dce8bcc000 Uncommon trap: reason=class_check action=maybe_recompile pc=0x000001dcd3c5d608 method=org.springframework.core.annotation.AnnotatedElementUtils.searchWithFindSemantics(Ljava/lang/reflect/AnnotatedElement;Ljava/util/Set;Ljava/lang/String;Ljava/lang/Class;L
Event: 24.302 Thread 0x000001dce8bcc000 Uncommon trap: reason=unstable_if action=reinterpret pc=0x000001dcd3a29a00 method=java.util.regex.Matcher.reset()Ljava/util/regex/Matcher; @ 71 c2
Event: 24.302 Thread 0x000001dce8bcc000 Uncommon trap: reason=unstable_if action=reinterpret pc=0x000001dcd3a4c950 method=java.util.regex.Matcher.search(I)Z @ 76 c2
Event: 24.302 Thread 0x000001dce8bcc000 Uncommon trap: reason=unstable_if action=reinterpret pc=0x000001dcd3ac5988 method=java.util.regex.Pattern$BmpCharProperty.match(Ljava/util/regex/Matcher;ILjava/lang/CharSequence;)Z @ 39 c2

Classes redefined (0 events):
No events

Internal exceptions (10 events):
Event: 8.778 Thread 0x000001dce326f800 Exception <a 'java/lang/ClassNotFoundException'{0x00000000835fdbe8}: org/springframework/boot/autoconfigure/web/servlet/WebMvcAutoConfiguration$EnableWebMvcConfiguration$$EnhancerBySpringCGLIB$$31a34f64Customizer> (0x00000000835fdbe8) thrown at [t:/worksp
Event: 8.779 Thread 0x000001dce326f800 Exception <a 'java/lang/ClassNotFoundException'{0x00000000834247d8}: org/springframework/context/annotation/ConfigurationClassEnhancer$EnhancedConfigurationCustomizer> (0x00000000834247d8) thrown at [t:/workspace/open/src/hotspot/share/classfile/systemDic
Event: 8.780 Thread 0x000001dce326f800 Exception <a 'java/lang/ClassNotFoundException'{0x0000000083431510}: org/springframework/beans/factory/BeanFactoryAwareCustomizer> (0x0000000083431510) thrown at [t:/workspace/open/src/hotspot/share/classfile/systemDictionary.cpp, line 235]
Event: 8.781 Thread 0x000001dce326f800 Exception <a 'java/lang/ClassNotFoundException'{0x000000008343e2f8}: org/springframework/beans/factory/AwareCustomizer> (0x000000008343e2f8) thrown at [t:/workspace/open/src/hotspot/share/classfile/systemDictionary.cpp, line 235]
Event: 8.781 Thread 0x000001dce326f800 Exception <a 'java/lang/ClassNotFoundException'{0x000000008344b050}: org/springframework/context/ApplicationContextAwareCustomizer> (0x000000008344b050) thrown at [t:/workspace/open/src/hotspot/share/classfile/systemDictionary.cpp, line 235]
Event: 8.782 Thread 0x000001dce326f800 Exception <a 'java/lang/ClassNotFoundException'{0x0000000083458270}: org/springframework/beans/factory/AwareCustomizer> (0x0000000083458270) thrown at [t:/workspace/open/src/hotspot/share/classfile/systemDictionary.cpp, line 235]
Event: 8.783 Thread 0x000001dce326f800 Exception <a 'java/lang/ClassNotFoundException'{0x0000000083464f90}: org/springframework/web/context/ServletContextAwareCustomizer> (0x0000000083464f90) thrown at [t:/workspace/open/src/hotspot/share/classfile/systemDictionary.cpp, line 235]
Event: 8.783 Thread 0x000001dce326f800 Exception <a 'java/lang/ClassNotFoundException'{0x0000000083471c98}: org/springframework/beans/factory/AwareCustomizer> (0x0000000083471c98) thrown at [t:/workspace/open/src/hotspot/share/classfile/systemDictionary.cpp, line 235]
Event: 9.016 Thread 0x000001dce326f800 Exception <a 'java/lang/NoSuchMethodError'{0x0000000083e48cb8}: java.lang.invoke.DirectMethodHandle$Holder.invokeVirtual(Ljava/lang/Object;Ljava/lang/Object;I)V> (0x0000000083e48cb8) thrown at [t:/workspace/open/src/hotspot/share/interpreter/linkResolver.
Event: 9.552 Thread 0x000001dce326f800 Exception <a 'java/lang/NoSuchMethodError'{0x0000000083cc2480}: java.lang.invoke.DirectMethodHandle$Holder.newInvokeSpecial(Ljava/lang/Object;I)Ljava/lang/Object;> (0x0000000083cc2480) thrown at [t:/workspace/open/src/hotspot/share/interpreter/linkResolve

Events (10 events):
Event: 24.338 loading class org/hibernate/internal/CoreMessageLogger_$logger_ru_RU done
Event: 24.338 loading class org/hibernate/internal/CoreMessageLogger_$logger_ru
Event: 24.338 loading class org/hibernate/internal/CoreMessageLogger_$logger_ru done
Event: 24.339 loading class org/hibernate/hql/internal/ast/util/LiteralProcessor$DecimalLiteralFormat
Event: 24.339 loading class org/hibernate/hql/internal/ast/util/LiteralProcessor$DecimalLiteralFormat done
Event: 24.339 loading class org/hibernate/hql/internal/ast/util/LiteralProcessor$DecimalLiteralFormat$1
Event: 24.339 loading class org/hibernate/hql/internal/ast/util/LiteralProcessor$DecimalLiteralFormat$1 done
Event: 24.340 loading class org/hibernate/hql/internal/ast/util/LiteralProcessor$DecimalLiteralFormat$2
Event: 24.340 loading class org/hibernate/hql/internal/ast/util/LiteralProcessor$DecimalLiteralFormat$2 done
Event: 24.340 Executing VM operation: G1CollectForAllocation


Dynamic libraries:
0x00007ff60cae0000 - 0x00007ff60caef000 	C:\Program Files\Java\jdk-12.0.2\bin\java.exe
0x00007ffb0a5b0000 - 0x00007ffb0a791000 	C:\WINDOWS\SYSTEM32\ntdll.dll
0x00007ffb0a1b0000 - 0x00007ffb0a261000 	C:\WINDOWS\System32\KERNEL32.DLL
0x00007ffb07420000 - 0x00007ffb07693000 	C:\WINDOWS\System32\KERNELBASE.dll
0x00007ffb06970000 - 0x00007ffb06a68000 	C:\WINDOWS\System32\ucrtbase.dll
0x00007ffaf8350000 - 0x00007ffaf8368000 	C:\Program Files\Java\jdk-12.0.2\bin\jli.dll
0x00007ffb09ab0000 - 0x00007ffb09b51000 	C:\WINDOWS\System32\ADVAPI32.dll
0x00007ffb09a10000 - 0x00007ffb09aae000 	C:\WINDOWS\System32\msvcrt.dll
0x00007ffb07e80000 - 0x00007ffb07edb000 	C:\WINDOWS\System32\sechost.dll
0x00007ffb09d00000 - 0x00007ffb09e24000 	C:\WINDOWS\System32\RPCRT4.dll
0x00007ffb07ee0000 - 0x00007ffb08070000 	C:\WINDOWS\System32\USER32.dll
0x00007ffb07970000 - 0x00007ffb07990000 	C:\WINDOWS\System32\win32u.dll
0x00007ffb0a550000 - 0x00007ffb0a578000 	C:\WINDOWS\System32\GDI32.dll
0x00007ffb07750000 - 0x00007ffb078e1000 	C:\WINDOWS\System32\gdi32full.dll
0x00007ffb07990000 - 0x00007ffb07a2f000 	C:\WINDOWS\System32\msvcp_win.dll
0x00007ffaf8120000 - 0x00007ffaf8136000 	C:\Program Files\Java\jdk-12.0.2\bin\VCRUNTIME140.dll
0x00007ffaff140000 - 0x00007ffaff3a9000 	C:\WINDOWS\WinSxS\amd64_microsoft.windows.common-controls_6595b64144ccf1df_6.0.17134.1006_none_d3fbb8f77c940c3f\COMCTL32.dll
0x00007ffb09630000 - 0x00007ffb09951000 	C:\WINDOWS\System32\combase.dll
0x00007ffb078f0000 - 0x00007ffb07969000 	C:\WINDOWS\System32\bcryptPrimitives.dll
0x00007ffb01de0000 - 0x00007ffb01dea000 	C:\WINDOWS\SYSTEM32\VERSION.dll
0x00007ffb09fb0000 - 0x00007ffb09fdd000 	C:\WINDOWS\System32\IMM32.DLL
0x00007ffae44b0000 - 0x00007ffae455a000 	C:\Program Files\Java\jdk-12.0.2\bin\msvcp140.dll
0x00007ffade4a0000 - 0x00007ffadf017000 	C:\Program Files\Java\jdk-12.0.2\bin\server\jvm.dll
0x00007ffb09a00000 - 0x00007ffb09a08000 	C:\WINDOWS\System32\PSAPI.DLL
0x00007ffaf89e0000 - 0x00007ffaf89e9000 	C:\WINDOWS\SYSTEM32\WSOCK32.dll
0x00007ffb0a320000 - 0x00007ffb0a38c000 	C:\WINDOWS\System32\WS2_32.dll
0x00007ffb03e70000 - 0x00007ffb03e93000 	C:\WINDOWS\SYSTEM32\WINMM.dll
0x00007ffb03e40000 - 0x00007ffb03e6a000 	C:\WINDOWS\SYSTEM32\WINMMBASE.dll
0x00007ffb07700000 - 0x00007ffb07749000 	C:\WINDOWS\System32\cfgmgr32.dll
0x00007ffb068b0000 - 0x00007ffb068c1000 	C:\WINDOWS\System32\kernel.appcore.dll
0x00007ffb03da0000 - 0x00007ffb03db1000 	C:\Program Files\Java\jdk-12.0.2\bin\verify.dll
0x00007ffafa430000 - 0x00007ffafa5f9000 	C:\WINDOWS\SYSTEM32\DBGHELP.DLL
0x00007ffafa400000 - 0x00007ffafa429000 	C:\WINDOWS\SYSTEM32\dbgcore.DLL
0x00007ffb03d40000 - 0x00007ffb03d66000 	C:\Program Files\Java\jdk-12.0.2\bin\java.dll
0x00007ffaf8150000 - 0x00007ffaf815e000 	C:\Program Files\Java\jdk-12.0.2\bin\instrument.dll
0x00007ffb03d80000 - 0x00007ffb03d97000 	C:\Program Files\Java\jdk-12.0.2\bin\zip.dll
0x00007ffb03d30000 - 0x00007ffb03d3a000 	C:\Program Files\Java\jdk-12.0.2\bin\jimage.dll
0x00007ffb081c0000 - 0x00007ffb09602000 	C:\WINDOWS\System32\SHELL32.dll
0x00007ffb0a270000 - 0x00007ffb0a319000 	C:\WINDOWS\System32\shcore.dll
0x00007ffb06c60000 - 0x00007ffb0736e000 	C:\WINDOWS\System32\windows.storage.dll
0x00007ffb0a4f0000 - 0x00007ffb0a541000 	C:\WINDOWS\System32\shlwapi.dll
0x00007ffb06940000 - 0x00007ffb0695f000 	C:\WINDOWS\System32\profapi.dll
0x00007ffb068f0000 - 0x00007ffb0693c000 	C:\WINDOWS\System32\powrprof.dll
0x00007ffb06960000 - 0x00007ffb0696a000 	C:\WINDOWS\System32\FLTLIB.DLL
0x00007ffb03d10000 - 0x00007ffb03d29000 	C:\Program Files\Java\jdk-12.0.2\bin\net.dll
0x00007ffafaa90000 - 0x00007ffafab6d000 	C:\WINDOWS\SYSTEM32\WINHTTP.dll
0x00007ffaffed0000 - 0x00007ffb0009a000 	C:\WINDOWS\SYSTEM32\urlmon.dll
0x00007ffafaf40000 - 0x00007ffafb1e7000 	C:\WINDOWS\SYSTEM32\iertutil.dll
0x00007ffb062a0000 - 0x00007ffb062ab000 	C:\WINDOWS\SYSTEM32\CRYPTBASE.DLL
0x00007ffb060d0000 - 0x00007ffb06136000 	C:\WINDOWS\system32\mswsock.dll
0x00007ffafc550000 - 0x00007ffafc563000 	C:\Program Files\Java\jdk-12.0.2\bin\nio.dll
0x00007ffaf80d0000 - 0x00007ffaf80ea000 	C:\Program Files\JetBrains\IntelliJ IDEA Community Edition 2019.2\bin\breakgen64.dll
0x00007ffaf80b0000 - 0x00007ffaf80b9000 	C:\Program Files\Java\jdk-12.0.2\bin\management.dll
0x00007ffaee020000 - 0x00007ffaee02c000 	C:\Program Files\Java\jdk-12.0.2\bin\management_ext.dll
0x00007ffaf67c0000 - 0x00007ffaf67d6000 	C:\WINDOWS\system32\napinsp.dll
0x00007ffaf67a0000 - 0x00007ffaf67ba000 	C:\WINDOWS\system32\pnrpnsp.dll
0x00007ffb03ce0000 - 0x00007ffb03cf9000 	C:\WINDOWS\system32\NLAapi.dll
0x00007ffb05e70000 - 0x00007ffb05f2e000 	C:\WINDOWS\SYSTEM32\DNSAPI.dll
0x00007ffb08150000 - 0x00007ffb08158000 	C:\WINDOWS\System32\NSI.dll
0x00007ffb05e20000 - 0x00007ffb05e58000 	C:\WINDOWS\SYSTEM32\IPHLPAPI.DLL
0x00007ffaf6790000 - 0x00007ffaf679e000 	C:\WINDOWS\System32\winrnr.dll
0x00007ffafa3f0000 - 0x00007ffafa3fa000 	C:\Windows\System32\rasadhlp.dll
0x00007ffafaa10000 - 0x00007ffafaa82000 	C:\WINDOWS\System32\fwpuclnt.dll
0x00007ffb063b0000 - 0x00007ffb063d5000 	C:\WINDOWS\SYSTEM32\bcrypt.dll
0x00007ffb06280000 - 0x00007ffb06297000 	C:\WINDOWS\SYSTEM32\CRYPTSP.dll
0x00007ffb05c80000 - 0x00007ffb05cb3000 	C:\WINDOWS\system32\rsaenh.dll
0x00007ffb067b0000 - 0x00007ffb067d8000 	C:\WINDOWS\SYSTEM32\USERENV.dll
0x00007ffb02520000 - 0x00007ffb02536000 	C:\WINDOWS\SYSTEM32\dhcpcsvc6.DLL
0x00007ffb02630000 - 0x00007ffb0264a000 	C:\WINDOWS\SYSTEM32\dhcpcsvc.DLL
0x00007ffaf8420000 - 0x00007ffaf8447000 	C:\Program Files\Java\jdk-12.0.2\bin\sunec.dll
0x00007ffb044a0000 - 0x00007ffb044ae000 	C:\Program Files\Java\jdk-12.0.2\bin\sunmscapi.dll
0x00007ffb06a70000 - 0x00007ffb06c52000 	C:\WINDOWS\System32\CRYPT32.dll
0x00007ffb068d0000 - 0x00007ffb068e2000 	C:\WINDOWS\System32\MSASN1.dll
0x00007ffb06380000 - 0x00007ffb063a6000 	C:\WINDOWS\SYSTEM32\ncrypt.dll
0x00007ffb06340000 - 0x00007ffb06376000 	C:\WINDOWS\SYSTEM32\NTASN1.dll

dbghelp: loaded successfully - version: 4.0.5 - missing functions: none
symbol engine: initialized successfully - sym options: 0x614 - pdb path: .;C:\Program Files\Java\jdk-12.0.2\bin;C:\WINDOWS\SYSTEM32;C:\WINDOWS\WinSxS\amd64_microsoft.windows.common-controls_6595b64144ccf1df_6.0.17134.1006_none_d3fbb8f77c940c3f;C:\Program Files\Java\jdk-12.0.2\bin\server;C:\Program Files\JetBrains\IntelliJ IDEA Community Edition 2019.2\bin

VM Arguments:
jvm_args: -javaagent:C:\Program Files\JetBrains\IntelliJ IDEA Community Edition 2019.2\lib\idea_rt.jar=51109:C:\Program Files\JetBrains\IntelliJ IDEA Community Edition 2019.2\bin -Dfile.encoding=UTF-8 
java_command: konst.Application
java_class_path (initial): C:\MavenProject\java\project\konst\target\classes;C:\Users\константин\.m2\repository\org\springframework\boot\spring-boot-starter-web\2.1.6.RELEASE\spring-boot-starter-web-2.1.6.RELEASE.jar;C:\Users\константин\.m2\repository\org\springframework\boot\spring-boot-starter\2.1.6.RELEASE\spring-boot-starter-2.1.6.RELEASE.jar;C:\Users\константин\.m2\repository\org\springframework\boot\spring-boot-starter-logging\2.1.6.RELEASE\spring-boot-starter-logging-2.1.6.RELEASE.jar;C:\Users\константин\.m2\repository\ch\qos\logback\logback-classic\1.2.3\logback-classic-1.2.3.jar;C:\Users\константин\.m2\repository\ch\qos\logback\logback-core\1.2.3\logback-core-1.2.3.jar;C:\Users\константин\.m2\repository\org\apache\logging\log4j\log4j-to-slf4j\2.11.2\log4j-to-slf4j-2.11.2.jar;C:\Users\константин\.m2\repository\org\apache\logging\log4j\log4j-api\2.11.2\log4j-api-2.11.2.jar;C:\Users\константин\.m2\repository\org\slf4j\jul-to-slf4j\1.7.26\jul-to-slf4j-1.7.26.jar;C:\Users\константин\.m2\repository\javax\annotation\javax.annotation-api\1.3.2\javax.annotation-api-1.3.2.jar;C:\Users\константин\.m2\repository\org\springframework\spring-core\5.1.8.RELEASE\spring-core-5.1.8.RELEASE.jar;C:\Users\константин\.m2\repository\org\springframework\spring-jcl\5.1.8.RELEASE\spring-jcl-5.1.8.RELEASE.jar;C:\Users\константин\.m2\repository\org\yaml\snakeyaml\1.23\snakeyaml-1.23.jar;C:\Users\константин\.m2\repository\org\springframework\boot\spring-boot-starter-json\2.1.6.RELEASE\spring-boot-starter-json-2.1.6.RELEASE.jar;C:\Users\константин\.m2\repository\com\fasterxml\jackson\core\jackson-databind\2.9.9\jackson-databind-2.9.9.jar;C:\Users\константин\.m2\repository\com\fasterxml\jackson\core\jackson-annotations\2.9.0\jackson-annotations-2.9.0.jar;C:\Users\константин\.m2\repository\com\fasterxml\jackson\core\jackson-core\2.9.9\jackson-core-2.9.9.jar;C:\Users\константин\.m2\repository\com\fasterxml\jackson\datatype\jackson-datatype-jdk8\2.9.9\jackson-datatype-jdk8-2.9.9.jar;C:\Use
Launcher Type: SUN_STANDARD

[Global flags]
     intx CICompilerCount                          = 3                                         {product} {ergonomic}
     uint ConcGCThreads                            = 1                                         {product} {ergonomic}
     uint G1ConcRefinementThreads                  = 4                                         {product} {ergonomic}
   size_t G1HeapRegionSize                         = 1048576                                   {product} {ergonomic}
    uintx GCDrainStackTargetSize                   = 64                                        {product} {ergonomic}
   size_t InitialHeapSize                          = 134217728                                 {product} {ergonomic}
   size_t MarkStackSize                            = 4194304                                   {product} {ergonomic}
   size_t MaxHeapSize                              = 2147483648                                {product} {ergonomic}
   size_t MaxNewSize                               = 1287651328                                {product} {ergonomic}
   size_t MinHeapDeltaBytes                        = 1048576                                   {product} {ergonomic}
    uintx NonNMethodCodeHeapSize                   = 5830732                                {pd product} {ergonomic}
    uintx NonProfiledCodeHeapSize                  = 122913754                              {pd product} {ergonomic}
    uintx ProfiledCodeHeapSize                     = 122913754                              {pd product} {ergonomic}
    uintx ReservedCodeCacheSize                    = 251658240                              {pd product} {ergonomic}
     bool SegmentedCodeCache                       = true                                      {product} {ergonomic}
     bool UseCompressedClassPointers               = true                                 {lp64_product} {ergonomic}
     bool UseCompressedOops                        = true                                 {lp64_product} {ergonomic}
     bool UseG1GC                                  = true                                      {product} {ergonomic}
     bool UseLargePagesIndividualAllocation        = false                                  {pd product} {ergonomic}

Logging:
Log output configuration:
 #0: stdout all=warning uptime,level,tags
 #1: stderr all=off uptime,level,tags

Environment Variables:
JAVA_HOME=C:\Program Files\Java\jdk-12.0.2
PATH=C:\Program Files (x86)\PC Connectivity Solution\;C:\WINDOWS\system32;C:\WINDOWS;C:\WINDOWS\System32\Wbem;C:\WINDOWS\System32\WindowsPowerShell\v1.0\;C:\Program Files (x86)\Common Files\Acronis\SnapAPI\;C:\Program Files\Java\jdk1.8.0_111\bin;C:\Program Files (x86)\NVIDIA Corporation\PhysX\Common;C:\WINDOWS\system32;C:\WINDOWS;C:\WINDOWS\System32\Wbem;C:\WINDOWS\System32\WindowsPowerShell\v1.0\;C:\Program Files (x86)\Skype\Phone\;C:\WINDOWS\System32\OpenSSH\;C:\Program Files\Git\cmd;C:\maven\apache-maven-3.6.1\bin;C:\maven\apache-maven-3.6.1\bin;C:\Program Files\Java\jdk-12.0.2\bin
USERNAME=константин
OS=Windows_NT
PROCESSOR_IDENTIFIER=AMD64 Family 16 Model 4 Stepping 3, AuthenticAMD



---------------  S Y S T E M  ---------------

OS: Windows 10 , 64 bit Build 17134 (10.0.17134.753)

CPU:total 4 (initial active 4) (4 cores per cpu, 1 threads per core) family 16 model 4 stepping 3, cmov, cx8, fxsr, mmx, sse, sse2, sse3, popcnt, mmxext, 3dnowpref, lzcnt, sse4a, tsc, tscinvbit, tscinv

Memory: 4k page, system-wide physical 8189M (2003M free)
TotalPageFile size 10189M (AvailPageFile size 12M)
current process WorkingSet (physical memory assigned to process): 242M, peak: 254M
current process commit charge ("private bytes"): 269M, peak: 283M

vm_info: Java HotSpot(TM) 64-Bit Server VM (12.0.2+10) for windows-amd64 JRE (12.0.2+10), built on Jul 16 2019 01:56:17 by "mach5one" with MS VC++ 15.5 (VS2017)

END.
